{"/home/usuario/ull-esit-inf-dsi-20-21-prct07-menu-datamodel-grupo-q/src/carta/carta.ts":{"path":"/home/usuario/ull-esit-inf-dsi-20-21-prct07-menu-datamodel-grupo-q/src/carta/carta.ts","statementMap":{"0":{"start":{"line":2,"column":0},"end":{"line":2,"column":62}},"1":{"start":{"line":3,"column":0},"end":{"line":3,"column":23}},"2":{"start":{"line":16,"column":8},"end":{"line":16,"column":27}},"3":{"start":{"line":17,"column":8},"end":{"line":17,"column":29}},"4":{"start":{"line":24,"column":8},"end":{"line":24,"column":26}},"5":{"start":{"line":31,"column":8},"end":{"line":31,"column":30}},"6":{"start":{"line":38,"column":23},"end":{"line":38,"column":47}},"7":{"start":{"line":39,"column":8},"end":{"line":39,"column":37}},"8":{"start":{"line":46,"column":8},"end":{"line":46,"column":27}},"9":{"start":{"line":53,"column":8},"end":{"line":53,"column":32}},"10":{"start":{"line":60,"column":23},"end":{"line":60,"column":49}},"11":{"start":{"line":61,"column":8},"end":{"line":61,"column":38}},"12":{"start":{"line":64,"column":0},"end":{"line":64,"column":22}}},"fnMap":{"0":{"name":"(anonymous_0)","decl":{"start":{"line":15,"column":4},"end":{"line":15,"column":5}},"loc":{"start":{"line":15,"column":31},"end":{"line":18,"column":5}},"line":15},"1":{"name":"(anonymous_1)","decl":{"start":{"line":23,"column":4},"end":{"line":23,"column":5}},"loc":{"start":{"line":23,"column":15},"end":{"line":25,"column":5}},"line":23},"2":{"name":"(anonymous_2)","decl":{"start":{"line":30,"column":4},"end":{"line":30,"column":5}},"loc":{"start":{"line":30,"column":19},"end":{"line":32,"column":5}},"line":30},"3":{"name":"(anonymous_3)","decl":{"start":{"line":37,"column":4},"end":{"line":37,"column":5}},"loc":{"start":{"line":37,"column":22},"end":{"line":40,"column":5}},"line":37},"4":{"name":"(anonymous_4)","decl":{"start":{"line":45,"column":4},"end":{"line":45,"column":5}},"loc":{"start":{"line":45,"column":16},"end":{"line":47,"column":5}},"line":45},"5":{"name":"(anonymous_5)","decl":{"start":{"line":52,"column":4},"end":{"line":52,"column":5}},"loc":{"start":{"line":52,"column":20},"end":{"line":54,"column":5}},"line":52},"6":{"name":"(anonymous_6)","decl":{"start":{"line":59,"column":4},"end":{"line":59,"column":5}},"loc":{"start":{"line":59,"column":23},"end":{"line":62,"column":5}},"line":59}},"branchMap":{},"s":{"0":1,"1":1,"2":1,"3":1,"4":4,"5":1,"6":1,"7":1,"8":4,"9":1,"10":1,"11":1,"12":1},"f":{"0":1,"1":4,"2":1,"3":1,"4":4,"5":1,"6":1},"b":{},"inputSourceMap":{"version":3,"file":"/home/usuario/ull-esit-inf-dsi-20-21-prct07-menu-datamodel-grupo-q/src/carta/carta.ts","sources":["/home/usuario/ull-esit-inf-dsi-20-21-prct07-menu-datamodel-grupo-q/src/carta/carta.ts"],"names":[],"mappings":";;;AAIA;;;;GAIG;AACH,MAAa,KAAK;IAGhB;;;;OAIG;IACH,YAAoB,KAAa,EAAU,MAAgB;QAAvC,UAAK,GAAL,KAAK,CAAQ;QAAU,WAAM,GAAN,MAAM,CAAU;IAAG,CAAC;IAE/D;;;OAGG;IACI,QAAQ;QACb,OAAO,IAAI,CAAC,KAAK,CAAA;IACnB,CAAC;IAED;;;OAGG;IACI,QAAQ,CAAC,IAAU;QACxB,IAAI,CAAC,KAAK,CAAC,IAAI,CAAC,IAAI,CAAC,CAAC;IACxB,CAAC;IAED;;;OAGG;IACI,WAAW,CAAC,IAAU;QAC3B,MAAM,MAAM,GAAW,IAAI,CAAC,KAAK,CAAC,OAAO,CAAC,IAAI,CAAC,CAAC;QAChD,IAAI,CAAC,KAAK,CAAC,MAAM,CAAC,MAAM,EAAE,CAAC,CAAC,CAAC;IAC/B,CAAC;IAED;;;OAGG;IACI,SAAS;QACd,OAAO,IAAI,CAAC,MAAM,CAAA;IACpB,CAAC;IAED;;;OAGG;IACI,QAAQ,CAAC,KAAa;QAC3B,IAAI,CAAC,MAAM,CAAC,IAAI,CAAC,KAAK,CAAC,CAAC;IAC1B,CAAC;IACD;;;OAGG;IACI,WAAW,CAAC,KAAa;QAC9B,MAAM,MAAM,GAAW,IAAI,CAAC,MAAM,CAAC,OAAO,CAAC,KAAK,CAAC,CAAC;QAClD,IAAI,CAAC,MAAM,CAAC,MAAM,CAAC,MAAM,EAAE,CAAC,CAAC,CAAC;IAChC,CAAC;CACF;AA1DD,sBA0DC","sourcesContent":["import { Menu } from \"../menus/menus\"\nimport { Platos } from \"../platos/platos\"\nimport { CartaI } from \"./interfazCarta\"\n\n/**\n * Clase Platos. Permite instanciar objetos de tipo plato. Las propiedades que\n * tiene un ingrediente son: Nombre, ingredientes , su composición nutricional,\n * la ciudad y el país de origen y el precio.\n */\nexport class Carta implements CartaI{\n  \n\n  /**\n   * Constructor de la clase Carta.\n   * @param menus Array con los menús\n   * @param platos Array con los platos\n   */\n  constructor(private menus: Menu[], private platos: Platos[]) {}\n\n  /**\n   * Metodo para obtener los menus de la carta\n   * @returns menus de la carta\n   */\n  public getMenus() {\n    return this.menus\n  }\n  \n  /**\n   * Metodo para añadir un menu a la carta\n   * @param menu el menu a añadir\n   */\n  public addMenus(menu: Menu) {\n    this.menus.push(menu);\n  }\n\n  /**\n   * Método para borrar un menu de la carta\n   * @param menu el menu a eliminar\n   */\n  public removeMenus(menu: Menu) {\n    const indice: number = this.menus.indexOf(menu);\n    this.menus.splice(indice, 1);\n  }\n\n  /**\n   * Metodo para obtener los platos de la carta\n   * @returns platos de la carta\n   */\n  public getPlatos() {\n    return this.platos\n  }\n  \n  /**\n   * Metodo para añadir un plato a la carta\n   * @param plato el plato a añadir\n   */\n  public addPlato(plato: Platos) {\n    this.platos.push(plato);\n  }\n  /**\n   * Método para borrar un plato de la carta\n   * @param plato el plato a eliminar\n   */\n  public removePlato(plato: Platos) {\n    const indice: number = this.platos.indexOf(plato);\n    this.platos.splice(indice, 1);\n  }\n}"]},"_coverageSchema":"1a1c01bbd47fc00a2c39e90264f33305004495a9","hash":"f9d7d0b13b35810a6c94df8fa3c8671cf8d44e0d","contentHash":"f0fbca6f1122585ee7782e6d82718325f4f0523bc1549346dd5dc11f21a51649"},"/home/usuario/ull-esit-inf-dsi-20-21-prct07-menu-datamodel-grupo-q/src/platos/platos.ts":{"path":"/home/usuario/ull-esit-inf-dsi-20-21-prct07-menu-datamodel-grupo-q/src/platos/platos.ts","statementMap":{"0":{"start":{"line":2,"column":0},"end":{"line":2,"column":62}},"1":{"start":{"line":3,"column":0},"end":{"line":3,"column":24}},"2":{"start":{"line":18,"column":8},"end":{"line":18,"column":25}},"3":{"start":{"line":19,"column":8},"end":{"line":19,"column":41}},"4":{"start":{"line":20,"column":8},"end":{"line":20,"column":35}},"5":{"start":{"line":21,"column":8},"end":{"line":21,"column":89}},"6":{"start":{"line":22,"column":8},"end":{"line":22,"column":62}},"7":{"start":{"line":23,"column":8},"end":{"line":23,"column":24}},"8":{"start":{"line":24,"column":8},"end":{"line":24,"column":25}},"9":{"start":{"line":25,"column":8},"end":{"line":25,"column":41}},"10":{"start":{"line":26,"column":8},"end":{"line":26,"column":35}},"11":{"start":{"line":27,"column":27},"end":{"line":27,"column":42}},"12":{"start":{"line":28,"column":8},"end":{"line":44,"column":11}},"13":{"start":{"line":29,"column":12},"end":{"line":29,"column":152}},"14":{"start":{"line":30,"column":12},"end":{"line":30,"column":155}},"15":{"start":{"line":31,"column":12},"end":{"line":31,"column":158}},"16":{"start":{"line":32,"column":12},"end":{"line":32,"column":143}},"17":{"start":{"line":33,"column":12},"end":{"line":34,"column":43}},"18":{"start":{"line":34,"column":16},"end":{"line":34,"column":43}},"19":{"start":{"line":35,"column":12},"end":{"line":36,"column":43}},"20":{"start":{"line":36,"column":16},"end":{"line":36,"column":43}},"21":{"start":{"line":37,"column":12},"end":{"line":38,"column":43}},"22":{"start":{"line":38,"column":16},"end":{"line":38,"column":43}},"23":{"start":{"line":39,"column":12},"end":{"line":40,"column":43}},"24":{"start":{"line":40,"column":16},"end":{"line":40,"column":43}},"25":{"start":{"line":41,"column":12},"end":{"line":42,"column":43}},"26":{"start":{"line":42,"column":16},"end":{"line":42,"column":43}},"27":{"start":{"line":43,"column":12},"end":{"line":43,"column":79}},"28":{"start":{"line":45,"column":8},"end":{"line":45,"column":114}},"29":{"start":{"line":46,"column":8},"end":{"line":46,"column":79}},"30":{"start":{"line":53,"column":8},"end":{"line":53,"column":25}},"31":{"start":{"line":60,"column":8},"end":{"line":60,"column":25}},"32":{"start":{"line":67,"column":8},"end":{"line":67,"column":33}},"33":{"start":{"line":75,"column":8},"end":{"line":75,"column":56}},"34":{"start":{"line":76,"column":8},"end":{"line":76,"column":41}},"35":{"start":{"line":77,"column":8},"end":{"line":77,"column":36}},"36":{"start":{"line":78,"column":8},"end":{"line":78,"column":25}},"37":{"start":{"line":85,"column":16},"end":{"line":85,"column":17}},"38":{"start":{"line":86,"column":21},"end":{"line":86,"column":22}},"39":{"start":{"line":87,"column":8},"end":{"line":92,"column":11}},"40":{"start":{"line":88,"column":12},"end":{"line":90,"column":13}},"41":{"start":{"line":89,"column":16},"end":{"line":89,"column":27}},"42":{"start":{"line":91,"column":12},"end":{"line":91,"column":16}},"43":{"start":{"line":93,"column":8},"end":{"line":93,"column":44}},"44":{"start":{"line":94,"column":8},"end":{"line":94,"column":41}},"45":{"start":{"line":95,"column":8},"end":{"line":95,"column":36}},"46":{"start":{"line":96,"column":8},"end":{"line":96,"column":25}},"47":{"start":{"line":103,"column":8},"end":{"line":103,"column":43}},"48":{"start":{"line":109,"column":8},"end":{"line":109,"column":48}},"49":{"start":{"line":110,"column":8},"end":{"line":110,"column":49}},"50":{"start":{"line":111,"column":8},"end":{"line":111,"column":50}},"51":{"start":{"line":112,"column":8},"end":{"line":112,"column":45}},"52":{"start":{"line":113,"column":8},"end":{"line":118,"column":11}},"53":{"start":{"line":114,"column":12},"end":{"line":114,"column":152}},"54":{"start":{"line":115,"column":12},"end":{"line":115,"column":155}},"55":{"start":{"line":116,"column":12},"end":{"line":116,"column":158}},"56":{"start":{"line":117,"column":12},"end":{"line":117,"column":143}},"57":{"start":{"line":125,"column":8},"end":{"line":125,"column":38}},"58":{"start":{"line":131,"column":27},"end":{"line":131,"column":42}},"59":{"start":{"line":132,"column":8},"end":{"line":143,"column":11}},"60":{"start":{"line":133,"column":12},"end":{"line":134,"column":43}},"61":{"start":{"line":134,"column":16},"end":{"line":134,"column":43}},"62":{"start":{"line":135,"column":12},"end":{"line":136,"column":43}},"63":{"start":{"line":136,"column":16},"end":{"line":136,"column":43}},"64":{"start":{"line":137,"column":12},"end":{"line":138,"column":43}},"65":{"start":{"line":138,"column":16},"end":{"line":138,"column":43}},"66":{"start":{"line":139,"column":12},"end":{"line":140,"column":43}},"67":{"start":{"line":140,"column":16},"end":{"line":140,"column":43}},"68":{"start":{"line":141,"column":12},"end":{"line":142,"column":43}},"69":{"start":{"line":142,"column":16},"end":{"line":142,"column":43}},"70":{"start":{"line":144,"column":8},"end":{"line":144,"column":114}},"71":{"start":{"line":145,"column":8},"end":{"line":145,"column":79}},"72":{"start":{"line":152,"column":8},"end":{"line":152,"column":27}},"73":{"start":{"line":158,"column":8},"end":{"line":158,"column":24}},"74":{"start":{"line":159,"column":8},"end":{"line":161,"column":11}},"75":{"start":{"line":160,"column":12},"end":{"line":160,"column":79}},"76":{"start":{"line":168,"column":8},"end":{"line":168,"column":30}},"77":{"start":{"line":175,"column":8},"end":{"line":175,"column":35}},"78":{"start":{"line":178,"column":0},"end":{"line":178,"column":24}}},"fnMap":{"0":{"name":"(anonymous_0)","decl":{"start":{"line":17,"column":4},"end":{"line":17,"column":5}},"loc":{"start":{"line":17,"column":47},"end":{"line":47,"column":5}},"line":17},"1":{"name":"(anonymous_1)","decl":{"start":{"line":28,"column":34},"end":{"line":28,"column":35}},"loc":{"start":{"line":28,"column":44},"end":{"line":44,"column":9}},"line":28},"2":{"name":"(anonymous_2)","decl":{"start":{"line":52,"column":4},"end":{"line":52,"column":5}},"loc":{"start":{"line":52,"column":16},"end":{"line":54,"column":5}},"line":52},"3":{"name":"(anonymous_3)","decl":{"start":{"line":59,"column":4},"end":{"line":59,"column":5}},"loc":{"start":{"line":59,"column":20},"end":{"line":61,"column":5}},"line":59},"4":{"name":"(anonymous_4)","decl":{"start":{"line":66,"column":4},"end":{"line":66,"column":5}},"loc":{"start":{"line":66,"column":22},"end":{"line":68,"column":5}},"line":66},"5":{"name":"(anonymous_5)","decl":{"start":{"line":74,"column":4},"end":{"line":74,"column":5}},"loc":{"start":{"line":74,"column":42},"end":{"line":79,"column":5}},"line":74},"6":{"name":"(anonymous_6)","decl":{"start":{"line":84,"column":4},"end":{"line":84,"column":5}},"loc":{"start":{"line":84,"column":35},"end":{"line":97,"column":5}},"line":84},"7":{"name":"(anonymous_7)","decl":{"start":{"line":87,"column":34},"end":{"line":87,"column":35}},"loc":{"start":{"line":87,"column":44},"end":{"line":92,"column":9}},"line":87},"8":{"name":"(anonymous_8)","decl":{"start":{"line":102,"column":4},"end":{"line":102,"column":5}},"loc":{"start":{"line":102,"column":32},"end":{"line":104,"column":5}},"line":102},"9":{"name":"(anonymous_9)","decl":{"start":{"line":108,"column":4},"end":{"line":108,"column":5}},"loc":{"start":{"line":108,"column":32},"end":{"line":119,"column":5}},"line":108},"10":{"name":"(anonymous_10)","decl":{"start":{"line":113,"column":34},"end":{"line":113,"column":35}},"loc":{"start":{"line":113,"column":44},"end":{"line":118,"column":9}},"line":113},"11":{"name":"(anonymous_11)","decl":{"start":{"line":124,"column":4},"end":{"line":124,"column":5}},"loc":{"start":{"line":124,"column":27},"end":{"line":126,"column":5}},"line":124},"12":{"name":"(anonymous_12)","decl":{"start":{"line":130,"column":4},"end":{"line":130,"column":5}},"loc":{"start":{"line":130,"column":27},"end":{"line":146,"column":5}},"line":130},"13":{"name":"(anonymous_13)","decl":{"start":{"line":132,"column":34},"end":{"line":132,"column":35}},"loc":{"start":{"line":132,"column":44},"end":{"line":143,"column":9}},"line":132},"14":{"name":"(anonymous_14)","decl":{"start":{"line":151,"column":4},"end":{"line":151,"column":5}},"loc":{"start":{"line":151,"column":16},"end":{"line":153,"column":5}},"line":151},"15":{"name":"(anonymous_15)","decl":{"start":{"line":157,"column":4},"end":{"line":157,"column":5}},"loc":{"start":{"line":157,"column":16},"end":{"line":162,"column":5}},"line":157},"16":{"name":"(anonymous_16)","decl":{"start":{"line":159,"column":34},"end":{"line":159,"column":35}},"loc":{"start":{"line":159,"column":44},"end":{"line":161,"column":9}},"line":159},"17":{"name":"(anonymous_17)","decl":{"start":{"line":167,"column":4},"end":{"line":167,"column":5}},"loc":{"start":{"line":167,"column":19},"end":{"line":169,"column":5}},"line":167},"18":{"name":"(anonymous_18)","decl":{"start":{"line":174,"column":4},"end":{"line":174,"column":5}},"loc":{"start":{"line":174,"column":28},"end":{"line":176,"column":5}},"line":174}},"branchMap":{"0":{"loc":{"start":{"line":33,"column":12},"end":{"line":34,"column":43}},"type":"if","locations":[{"start":{"line":33,"column":12},"end":{"line":34,"column":43}},{"start":{"line":33,"column":12},"end":{"line":34,"column":43}}],"line":33},"1":{"loc":{"start":{"line":35,"column":12},"end":{"line":36,"column":43}},"type":"if","locations":[{"start":{"line":35,"column":12},"end":{"line":36,"column":43}},{"start":{"line":35,"column":12},"end":{"line":36,"column":43}}],"line":35},"2":{"loc":{"start":{"line":37,"column":12},"end":{"line":38,"column":43}},"type":"if","locations":[{"start":{"line":37,"column":12},"end":{"line":38,"column":43}},{"start":{"line":37,"column":12},"end":{"line":38,"column":43}}],"line":37},"3":{"loc":{"start":{"line":39,"column":12},"end":{"line":40,"column":43}},"type":"if","locations":[{"start":{"line":39,"column":12},"end":{"line":40,"column":43}},{"start":{"line":39,"column":12},"end":{"line":40,"column":43}}],"line":39},"4":{"loc":{"start":{"line":41,"column":12},"end":{"line":42,"column":43}},"type":"if","locations":[{"start":{"line":41,"column":12},"end":{"line":42,"column":43}},{"start":{"line":41,"column":12},"end":{"line":42,"column":43}}],"line":41},"5":{"loc":{"start":{"line":88,"column":12},"end":{"line":90,"column":13}},"type":"if","locations":[{"start":{"line":88,"column":12},"end":{"line":90,"column":13}},{"start":{"line":88,"column":12},"end":{"line":90,"column":13}}],"line":88},"6":{"loc":{"start":{"line":133,"column":12},"end":{"line":134,"column":43}},"type":"if","locations":[{"start":{"line":133,"column":12},"end":{"line":134,"column":43}},{"start":{"line":133,"column":12},"end":{"line":134,"column":43}}],"line":133},"7":{"loc":{"start":{"line":135,"column":12},"end":{"line":136,"column":43}},"type":"if","locations":[{"start":{"line":135,"column":12},"end":{"line":136,"column":43}},{"start":{"line":135,"column":12},"end":{"line":136,"column":43}}],"line":135},"8":{"loc":{"start":{"line":137,"column":12},"end":{"line":138,"column":43}},"type":"if","locations":[{"start":{"line":137,"column":12},"end":{"line":138,"column":43}},{"start":{"line":137,"column":12},"end":{"line":138,"column":43}}],"line":137},"9":{"loc":{"start":{"line":139,"column":12},"end":{"line":140,"column":43}},"type":"if","locations":[{"start":{"line":139,"column":12},"end":{"line":140,"column":43}},{"start":{"line":139,"column":12},"end":{"line":140,"column":43}}],"line":139},"10":{"loc":{"start":{"line":141,"column":12},"end":{"line":142,"column":43}},"type":"if","locations":[{"start":{"line":141,"column":12},"end":{"line":142,"column":43}},{"start":{"line":141,"column":12},"end":{"line":142,"column":43}}],"line":141}},"s":{"0":1,"1":1,"2":7,"3":7,"4":7,"5":7,"6":7,"7":7,"8":7,"9":7,"10":7,"11":7,"12":7,"13":25,"14":25,"15":25,"16":25,"17":25,"18":4,"19":25,"20":15,"21":25,"22":3,"23":25,"24":3,"25":25,"26":0,"27":25,"28":7,"29":7,"30":12,"31":2,"32":4,"33":1,"34":1,"35":1,"36":1,"37":1,"38":1,"39":1,"40":5,"41":1,"42":5,"43":1,"44":1,"45":1,"46":1,"47":54,"48":2,"49":2,"50":2,"51":2,"52":2,"53":9,"54":9,"55":9,"56":9,"57":14,"58":2,"59":2,"60":9,"61":4,"62":9,"63":1,"64":9,"65":1,"66":9,"67":3,"68":9,"69":0,"70":2,"71":2,"72":15,"73":2,"74":2,"75":9,"76":52,"77":1,"78":1},"f":{"0":7,"1":25,"2":12,"3":2,"4":4,"5":1,"6":1,"7":5,"8":54,"9":2,"10":9,"11":14,"12":2,"13":9,"14":15,"15":2,"16":9,"17":52,"18":1},"b":{"0":[4,21],"1":[15,10],"2":[3,22],"3":[3,22],"4":[0,25],"5":[1,4],"6":[4,5],"7":[1,8],"8":[1,8],"9":[3,6],"10":[0,9]},"inputSourceMap":{"version":3,"file":"/home/usuario/ull-esit-inf-dsi-20-21-prct07-menu-datamodel-grupo-q/src/platos/platos.ts","sources":["/home/usuario/ull-esit-inf-dsi-20-21-prct07-menu-datamodel-grupo-q/src/platos/platos.ts"],"names":[],"mappings":";;;AAIA;;;;GAIG;AACF,MAAa,MAAM;IAMhB;;;;;;OAMG;IACH,YAAoB,IAAY,EAAU,YAAqC,EAAU,SAAmE;QAAxI,SAAI,GAAJ,IAAI,CAAQ;QAAU,iBAAY,GAAZ,YAAY,CAAyB;QAAU,cAAS,GAAT,SAAS,CAA0D;QAXtJ,2BAAsB,GAA2B,EAAE,OAAO,EAAE,CAAC,EAAE,QAAQ,EAAE,CAAC,EAAE,SAAS,EAAE,CAAC,EAAE,IAAI,EAAE,CAAC,EAAC,CAAC;QACnG,sBAAiB,GAAqB,EAAE,QAAQ,EAAE,CAAC,EAAE,KAAK,EAAE,CAAC,EAAE,CAAC,EAAE,CAAC;QACnE,WAAM,GAAW,CAAC,CAAC;QAUrB,IAAI,CAAC,IAAI,GAAG,IAAI,CAAC;QACjB,IAAI,CAAC,YAAY,GAAG,YAAY,CAAC;QACjC,IAAI,CAAC,SAAS,GAAG,SAAS,CAAC;QAE3B,IAAI,YAAY,GAA6C,CAAC,CAAC,EAAC,CAAC,EAAC,CAAC,EAAC,CAAC,EAAC,CAAC,CAAC,CAAC;QACzE,IAAI,CAAC,YAAY,CAAC,OAAO,CAAC,CAAC,IAAI,EAAE,EAAE;YACjC,IAAI,CAAC,sBAAsB,CAAC,OAAO,GAAG,IAAI,CAAC,sBAAsB,CAAC,OAAO,GAAG,CAAC,CAAC,IAAI,CAAC,CAAC,CAAC,CAAC,yBAAyB,EAAE,CAAC,OAAO,GAAC,IAAI,CAAC,CAAC,CAAC,CAAC,GAAC,GAAG,CAAC,CAAC;YACxI,IAAI,CAAC,sBAAsB,CAAC,QAAQ,GAAG,IAAI,CAAC,sBAAsB,CAAC,QAAQ,GAAG,CAAC,CAAC,IAAI,CAAC,CAAC,CAAC,CAAC,yBAAyB,EAAE,CAAC,QAAQ,GAAC,IAAI,CAAC,CAAC,CAAC,CAAC,GAAC,GAAG,CAAC,CAAC;YAC3I,IAAI,CAAC,sBAAsB,CAAC,SAAS,GAAG,IAAI,CAAC,sBAAsB,CAAC,SAAS,GAAG,CAAC,CAAC,IAAI,CAAC,CAAC,CAAC,CAAC,yBAAyB,EAAE,CAAC,SAAS,GAAC,IAAI,CAAC,CAAC,CAAC,CAAC,GAAC,GAAG,CAAC,CAAC;YAC9I,IAAI,CAAC,sBAAsB,CAAC,IAAI,GAAG,IAAI,CAAC,sBAAsB,CAAC,IAAI,GAAG,CAAC,CAAC,IAAI,CAAC,CAAC,CAAC,CAAC,yBAAyB,EAAE,CAAC,IAAI,GAAC,IAAI,CAAC,CAAC,CAAC,CAAC,GAAC,GAAG,CAAC,CAAC;YAE/H,IAAI,IAAI,CAAC,CAAC,CAAC,CAAC,mBAAmB,EAAE,CAAC,QAAQ,IAAI,CAAC;gBAAE,YAAY,CAAC,CAAC,CAAC,IAAI,IAAI,CAAC,CAAC,CAAC,CAAC;YAC5E,IAAI,IAAI,CAAC,CAAC,CAAC,CAAC,mBAAmB,EAAE,CAAC,QAAQ,IAAI,CAAC;gBAAE,YAAY,CAAC,CAAC,CAAC,IAAI,IAAI,CAAC,CAAC,CAAC,CAAC;YAC5E,IAAI,IAAI,CAAC,CAAC,CAAC,CAAC,mBAAmB,EAAE,CAAC,QAAQ,IAAI,CAAC;gBAAE,YAAY,CAAC,CAAC,CAAC,IAAI,IAAI,CAAC,CAAC,CAAC,CAAC;YAC5E,IAAI,IAAI,CAAC,CAAC,CAAC,CAAC,mBAAmB,EAAE,CAAC,QAAQ,IAAI,CAAC;gBAAE,YAAY,CAAC,CAAC,CAAC,IAAI,IAAI,CAAC,CAAC,CAAC,CAAC;YAC5E,IAAI,IAAI,CAAC,CAAC,CAAC,CAAC,mBAAmB,EAAE,CAAC,QAAQ,IAAI,CAAC;gBAAE,YAAY,CAAC,CAAC,CAAC,IAAI,IAAI,CAAC,CAAC,CAAC,CAAC;YAE5E,IAAI,CAAC,MAAM,GAAG,IAAI,CAAC,MAAM,GAAG,CAAC,IAAI,CAAC,CAAC,CAAC,CAAC,SAAS,EAAE,GAAC,IAAI,CAAC,CAAC,CAAC,GAAG,IAAI,CAAC,CAAC;QACnE,CAAC,CAAC,CAAC;QAEH,IAAI,CAAC,YAAY,CAAC,CAAC,CAAC,CAAC,CAAC,CAAC,CAAC,mBAAmB,CAAC,YAAY,CAAC,OAAO,CAAC,IAAI,CAAC,GAAG,CAAC,KAAK,CAAC,IAAI,EAAE,YAAY,CAAC,CAAC,GAAG,CAAC,CAAC,CAAA;QACzG,IAAI,CAAC,iBAAiB,GAAG,IAAI,CAAC,YAAY,CAAC,CAAC,CAAC,CAAC,CAAC,CAAC,CAAC,mBAAmB,EAAE,CAAC;IACzE,CAAC;IAEH;;;OAGG;IACH,SAAS;QACP,OAAO,IAAI,CAAC,IAAI,CAAA;IAClB,CAAC;IAED;;;OAGG;IACH,SAAS,CAAC,IAAY;QACpB,IAAI,CAAC,IAAI,GAAG,IAAI,CAAC;IACnB,CAAC;IAED;;;OAGG;IACH,eAAe;QACb,OAAO,IAAI,CAAC,YAAY,CAAC;IAC3B,CAAC;IAED;;;;OAIG;IACH,cAAc,CAAC,WAAwB,EAAE,QAAgB;QACvD,IAAI,CAAC,YAAY,CAAC,IAAI,CAAC,CAAC,WAAW,EAAE,QAAQ,CAAC,CAAC,CAAC;QAEhD,IAAI,CAAC,yBAAyB,EAAE,CAAC;QACjC,IAAI,CAAC,oBAAoB,EAAE,CAAC;QAC5B,IAAI,CAAC,SAAS,EAAE,CAAC;IACnB,CAAC;IAED;;;OAGG;IACH,iBAAiB,CAAC,WAAwB;QACxC,IAAI,CAAC,GAAW,CAAC,CAAC;QAClB,IAAI,MAAM,GAAW,CAAC,CAAC;QACvB,IAAI,CAAC,YAAY,CAAC,OAAO,CAAC,CAAC,IAAI,EAAE,EAAE;YACjC,IAAI,IAAI,CAAC,CAAC,CAAC,IAAI,WAAW,EAAE;gBAC1B,MAAM,GAAG,CAAC,CAAC;aACZ;YACD,CAAC,EAAE,CAAC;QACN,CAAC,CAAC,CAAC;QAEH,IAAI,CAAC,YAAY,CAAC,MAAM,CAAC,MAAM,EAAE,CAAC,CAAC,CAAC;QAEpC,IAAI,CAAC,yBAAyB,EAAE,CAAC;QACjC,IAAI,CAAC,oBAAoB,EAAE,CAAC;QAC5B,IAAI,CAAC,SAAS,EAAE,CAAC;IACnB,CAAC;IAED;;;OAGG;IACH,yBAAyB;QACvB,OAAO,IAAI,CAAC,sBAAsB,CAAC;IACrC,CAAC;IAED;;OAEG;IACH,yBAAyB;QACvB,IAAI,CAAC,sBAAsB,CAAC,OAAO,GAAG,CAAC,CAAC;QACxC,IAAI,CAAC,sBAAsB,CAAC,QAAQ,GAAG,CAAC,CAAC;QACzC,IAAI,CAAC,sBAAsB,CAAC,SAAS,GAAG,CAAC,CAAC;QAC1C,IAAI,CAAC,sBAAsB,CAAC,IAAI,GAAG,CAAC,CAAC;QAErC,IAAI,CAAC,YAAY,CAAC,OAAO,CAAC,CAAC,IAAI,EAAE,EAAE;YACjC,IAAI,CAAC,sBAAsB,CAAC,OAAO,GAAG,IAAI,CAAC,sBAAsB,CAAC,OAAO,GAAG,CAAC,CAAC,IAAI,CAAC,CAAC,CAAC,CAAC,yBAAyB,EAAE,CAAC,OAAO,GAAC,IAAI,CAAC,CAAC,CAAC,CAAC,GAAC,GAAG,CAAC,CAAC;YACxI,IAAI,CAAC,sBAAsB,CAAC,QAAQ,GAAG,IAAI,CAAC,sBAAsB,CAAC,QAAQ,GAAG,CAAC,CAAC,IAAI,CAAC,CAAC,CAAC,CAAC,yBAAyB,EAAE,CAAC,QAAQ,GAAC,IAAI,CAAC,CAAC,CAAC,CAAC,GAAC,GAAG,CAAC,CAAC;YAC3I,IAAI,CAAC,sBAAsB,CAAC,SAAS,GAAG,IAAI,CAAC,sBAAsB,CAAC,SAAS,GAAG,CAAC,CAAC,IAAI,CAAC,CAAC,CAAC,CAAC,yBAAyB,EAAE,CAAC,SAAS,GAAC,IAAI,CAAC,CAAC,CAAC,CAAC,GAAC,GAAG,CAAC,CAAC;YAC9I,IAAI,CAAC,sBAAsB,CAAC,IAAI,GAAG,IAAI,CAAC,sBAAsB,CAAC,IAAI,GAAG,CAAC,CAAC,IAAI,CAAC,CAAC,CAAC,CAAC,yBAAyB,EAAE,CAAC,IAAI,GAAC,IAAI,CAAC,CAAC,CAAC,CAAC,GAAC,GAAG,CAAC,CAAC;QACjI,CAAC,CAAC,CAAC;IACL,CAAC;IAED;;;OAGG;IACH,oBAAoB;QAClB,OAAO,IAAI,CAAC,iBAAiB,CAAC;IAChC,CAAC;IAED;;OAEG;IACH,oBAAoB;QAClB,IAAI,YAAY,GAA6C,CAAC,CAAC,EAAC,CAAC,EAAC,CAAC,EAAC,CAAC,EAAC,CAAC,CAAC,CAAC;QACzE,IAAI,CAAC,YAAY,CAAC,OAAO,CAAC,CAAC,IAAI,EAAE,EAAE;YACjC,IAAI,IAAI,CAAC,CAAC,CAAC,CAAC,mBAAmB,EAAE,CAAC,QAAQ,IAAI,CAAC;gBAAE,YAAY,CAAC,CAAC,CAAC,IAAI,IAAI,CAAC,CAAC,CAAC,CAAC;YAC5E,IAAI,IAAI,CAAC,CAAC,CAAC,CAAC,mBAAmB,EAAE,CAAC,QAAQ,IAAI,CAAC;gBAAE,YAAY,CAAC,CAAC,CAAC,IAAI,IAAI,CAAC,CAAC,CAAC,CAAC;YAC5E,IAAI,IAAI,CAAC,CAAC,CAAC,CAAC,mBAAmB,EAAE,CAAC,QAAQ,IAAI,CAAC;gBAAE,YAAY,CAAC,CAAC,CAAC,IAAI,IAAI,CAAC,CAAC,CAAC,CAAC;YAC5E,IAAI,IAAI,CAAC,CAAC,CAAC,CAAC,mBAAmB,EAAE,CAAC,QAAQ,IAAI,CAAC;gBAAE,YAAY,CAAC,CAAC,CAAC,IAAI,IAAI,CAAC,CAAC,CAAC,CAAC;YAC5E,IAAI,IAAI,CAAC,CAAC,CAAC,CAAC,mBAAmB,EAAE,CAAC,QAAQ,IAAI,CAAC;gBAAE,YAAY,CAAC,CAAC,CAAC,IAAI,IAAI,CAAC,CAAC,CAAC,CAAC;QAC9E,CAAC,CAAC,CAAC;QACH,IAAI,CAAC,YAAY,CAAC,CAAC,CAAC,CAAC,CAAC,CAAC,CAAC,mBAAmB,CAAC,YAAY,CAAC,OAAO,CAAC,IAAI,CAAC,GAAG,CAAC,KAAK,CAAC,IAAI,EAAE,YAAY,CAAC,CAAC,GAAG,CAAC,CAAC,CAAA;QACzG,IAAI,CAAC,iBAAiB,GAAG,IAAI,CAAC,YAAY,CAAC,CAAC,CAAC,CAAC,CAAC,CAAC,CAAC,mBAAmB,EAAE,CAAC;IACzE,CAAC;IACD;;;OAGG;IACH,SAAS;QACP,OAAO,IAAI,CAAC,MAAM,CAAC;IACrB,CAAC;IAED;;OAEG;IACH,SAAS;QACP,IAAI,CAAC,MAAM,GAAG,CAAC,CAAC;QAEhB,IAAI,CAAC,YAAY,CAAC,OAAO,CAAC,CAAC,IAAI,EAAE,EAAE;YACjC,IAAI,CAAC,MAAM,GAAG,IAAI,CAAC,MAAM,GAAG,CAAC,IAAI,CAAC,CAAC,CAAC,CAAC,SAAS,EAAE,GAAC,IAAI,CAAC,CAAC,CAAC,GAAG,IAAI,CAAC,CAAC;QACnE,CAAC,CAAC,CAAC;IACL,CAAC;IAED;;;OAGG;IACH,YAAY;QACV,OAAO,IAAI,CAAC,SAAS,CAAC;IACxB,CAAC;IAED;;;OAGG;IACH,YAAY,CAAC,SAAmE;QAC9E,IAAI,CAAC,SAAS,GAAG,SAAS,CAAC;IAC7B,CAAC;CACJ;AAlLA,wBAkLA","sourcesContent":["import { Ingrediente } from \"../ingredientes/ingredientes\"\nimport { ComposicionNutricional, GrupoAlimenticio } from \"../ingredientes/tiposDefinidos\"\nimport { PlatosI } from \"./interfazPlatos\";\n\n/**\n * Clase Platos. Permite instanciar objetos de tipo plato. Las propiedades que\n * tiene un ingrediente son: Nombre, ingredientes , su composición nutricional,\n * la ciudad y el país de origen y el precio.\n */\n export class Platos implements PlatosI<GrupoAlimenticio, ComposicionNutricional>{\n\n  private composicionNutricional: ComposicionNutricional = { lipidos: 0, hCarbono: 0, proteinas: 0, kCal: 0};\n  private grupoPredominante: GrupoAlimenticio = { numGrupo: 0, grupo: [\"\"] };\n  private precio: number = 0;\n\n    /**\n     * Constructor de la clase Ingrediente.\n     * @param ingredientes Vector de pares que contiene los ingredientes de cada plato y su cantidad.\n     * @param categoria Tipo de plato.\n     * @param composicionNutricional Composición nutricional del ingrediente [Proteínas, Lípidos, Hidratos de Carbono].\n     * @param precio Precio del ingrediente.\n     */\n    constructor(private name: string, private ingredientes: [Ingrediente, number][], private categoria: \"Entrante\" | \"Primer plato\" | \"Segundo plato\" | \"Postre\"){   \n        this.name = name;\n        this.ingredientes = ingredientes;\n        this.categoria = categoria; \n\n        let cantporGrupo: [number, number, number, number, number] = [0,0,0,0,0];\n        this.ingredientes.forEach((item) => {\n          this.composicionNutricional.lipidos = this.composicionNutricional.lipidos + ((item[0].getComposicionNutricional().lipidos*item[1])/100);\n          this.composicionNutricional.hCarbono = this.composicionNutricional.hCarbono + ((item[0].getComposicionNutricional().hCarbono*item[1])/100);\n          this.composicionNutricional.proteinas = this.composicionNutricional.proteinas + ((item[0].getComposicionNutricional().proteinas*item[1])/100);\n          this.composicionNutricional.kCal = this.composicionNutricional.kCal + ((item[0].getComposicionNutricional().kCal*item[1])/100);\n\n          if (item[0].getGrupoAlimenticio().numGrupo == 1) cantporGrupo[0] += item[1];\n          if (item[0].getGrupoAlimenticio().numGrupo == 2) cantporGrupo[1] += item[1];\n          if (item[0].getGrupoAlimenticio().numGrupo == 3) cantporGrupo[2] += item[1];\n          if (item[0].getGrupoAlimenticio().numGrupo == 4) cantporGrupo[3] += item[1];\n          if (item[0].getGrupoAlimenticio().numGrupo == 5) cantporGrupo[4] += item[1];\n          \n          this.precio = this.precio + (item[0].getPrecio()*item[1] / 1000);\n        });\n\n        this.ingredientes[0][0].setGrupoAlimenticio(cantporGrupo.indexOf(Math.max.apply(null, cantporGrupo)) + 1)\n        this.grupoPredominante = this.ingredientes[0][0].getGrupoAlimenticio();    \n      }\n\n    /**\n     * Método getter para obtener el name.\n     * @returns Se retorna la categoría del plato si es entrante, primer plato, segundo plato o postre\n     */\n    getNombre() {\n      return this.name\n    }\n    \n    /**\n     * Método setter para establecer el nombre al plato.\n     * @param name El nombre nuevo a introducir\n     */\n    setNombre(name: string) {\n      this.name = name;\n    }\n\n    /**\n     * Método getter para obtener los ingredientes.\n     * @returns Se retorna los ingredientes del plato\n     */\n    getIngredientes() {\n      return this.ingredientes;\n    }\n\n    /**\n     * Método para añadir un Ingrediente nuevo.\n     * @param ingrediente Ingrediente que queremos añadir.\n     * @param cantidad Cantidad del tipo de Ingrediente que vamos a añadir.\n     */\n    addIngrediente(ingrediente: Ingrediente, cantidad: number) {\n      this.ingredientes.push([ingrediente, cantidad]);\n\n      this.setComposicionNutricional();\n      this.setGrupoPredominante();\n      this.setPrecio();\n    }\n\n    /**\n     * Método para eliminar un ingrediente de nuestro vector.\n     * @param ingrediente Ingrediente que queremos eliminar.\n     */\n    removeIngrediente(ingrediente: Ingrediente) {\n      let i: number = 0;\n      let indice: number = 0;\n      this.ingredientes.forEach((item) => {\n        if (item[0] == ingrediente) {\n          indice = i;\n        }\n        i++;\n      });\n\n      this.ingredientes.splice(indice, 1);\n      \n      this.setComposicionNutricional();\n      this.setGrupoPredominante();\n      this.setPrecio();\n    }\n\n    /**\n     * Método getter para obtener la composición nutricional.\n     * @returns Se retorna composición nutricional en forma del tipo de dato composición nutricional\n     */\n    getComposicionNutricional() {\n      return this.composicionNutricional;\n    }\n\n    /**\n     * Método setter para obtener la composición nutricional.\n     */\n    setComposicionNutricional() {\n      this.composicionNutricional.lipidos = 0;\n      this.composicionNutricional.hCarbono = 0;\n      this.composicionNutricional.proteinas = 0;\n      this.composicionNutricional.kCal = 0;\n\n      this.ingredientes.forEach((item) => {\n        this.composicionNutricional.lipidos = this.composicionNutricional.lipidos + ((item[0].getComposicionNutricional().lipidos*item[1])/100);\n        this.composicionNutricional.hCarbono = this.composicionNutricional.hCarbono + ((item[0].getComposicionNutricional().hCarbono*item[1])/100);\n        this.composicionNutricional.proteinas = this.composicionNutricional.proteinas + ((item[0].getComposicionNutricional().proteinas*item[1])/100);\n        this.composicionNutricional.kCal = this.composicionNutricional.kCal + ((item[0].getComposicionNutricional().kCal*item[1])/100);\n      }); \n    }\n\n    /**\n     * Método getter para obtener el grupo alimenticio al que pertenece el plato.\n     * @returns Se retorna el grupo alimentario en forma del tipo de dato grupo alimentario\n     */\n    getGrupoPredominante() {\n      return this.grupoPredominante;\n    }\n\n    /**\n     * Método setter para obtener el grupo predominante.\n     */\n    setGrupoPredominante() {\n      let cantporGrupo: [number, number, number, number, number] = [0,0,0,0,0];\n      this.ingredientes.forEach((item) => {\n        if (item[0].getGrupoAlimenticio().numGrupo == 1) cantporGrupo[0] += item[1];\n        if (item[0].getGrupoAlimenticio().numGrupo == 2) cantporGrupo[1] += item[1];\n        if (item[0].getGrupoAlimenticio().numGrupo == 3) cantporGrupo[2] += item[1];\n        if (item[0].getGrupoAlimenticio().numGrupo == 4) cantporGrupo[3] += item[1];\n        if (item[0].getGrupoAlimenticio().numGrupo == 5) cantporGrupo[4] += item[1];\n      }); \n      this.ingredientes[0][0].setGrupoAlimenticio(cantporGrupo.indexOf(Math.max.apply(null, cantporGrupo)) + 1)\n      this.grupoPredominante = this.ingredientes[0][0].getGrupoAlimenticio();\n    }\n    /**\n     * Método getter para obtener el precio del plato.\n     * @returns Se retorna el precio total del plato en función de los ingredientes\n     */\n    getPrecio() {\n      return this.precio;\n    }\n\n    /**\n     * Método setter para establecer el precio del plato.\n     */\n    setPrecio() {\n      this.precio = 0;\n\n      this.ingredientes.forEach((item) => {\n        this.precio = this.precio + (item[0].getPrecio()*item[1] / 1000);\n      }); \n    }\n\n    /**\n     * Método getter para obtener la categoría.\n     * @returns Se retorna la categoría dreturn \n     */\n    getCategoria() {\n      return this.categoria;\n    }\n    \n    /**\n     * Método setter para establecer la categoría.\n     * @param categoria a introducir\n     */\n    setCategoria(categoria: \"Entrante\" | \"Primer plato\" | \"Segundo plato\" | \"Postre\") {\n      this.categoria = categoria;\n    }\n}"]},"_coverageSchema":"1a1c01bbd47fc00a2c39e90264f33305004495a9","hash":"c74d4b5547a8d39fd30529c22f18fd83bbdec519","contentHash":"6ce85a53b3dfce6f52f208737ecead11cb46add9cea2e12fbb9f8ebba1f90cfd"},"/home/usuario/ull-esit-inf-dsi-20-21-prct07-menu-datamodel-grupo-q/src/ingredientes/ingredientes.ts":{"path":"/home/usuario/ull-esit-inf-dsi-20-21-prct07-menu-datamodel-grupo-q/src/ingredientes/ingredientes.ts","statementMap":{"0":{"start":{"line":2,"column":0},"end":{"line":2,"column":62}},"1":{"start":{"line":3,"column":0},"end":{"line":3,"column":29}},"2":{"start":{"line":4,"column":26},"end":{"line":4,"column":54}},"3":{"start":{"line":22,"column":8},"end":{"line":22,"column":21}},"4":{"start":{"line":23,"column":8},"end":{"line":23,"column":29}},"5":{"start":{"line":24,"column":8},"end":{"line":24,"column":185}},"6":{"start":{"line":25,"column":8},"end":{"line":25,"column":79}},"7":{"start":{"line":26,"column":8},"end":{"line":26,"column":29}},"8":{"start":{"line":33,"column":8},"end":{"line":33,"column":27}},"9":{"start":{"line":40,"column":8},"end":{"line":40,"column":31}},"10":{"start":{"line":47,"column":8},"end":{"line":47,"column":43}},"11":{"start":{"line":54,"column":8},"end":{"line":54,"column":33}},"12":{"start":{"line":61,"column":8},"end":{"line":61,"column":27}},"13":{"start":{"line":68,"column":8},"end":{"line":68,"column":29}},"14":{"start":{"line":75,"column":8},"end":{"line":75,"column":40}},"15":{"start":{"line":83,"column":8},"end":{"line":83,"column":185}},"16":{"start":{"line":90,"column":8},"end":{"line":90,"column":79}},"17":{"start":{"line":97,"column":8},"end":{"line":97,"column":29}},"18":{"start":{"line":100,"column":0},"end":{"line":100,"column":34}}},"fnMap":{"0":{"name":"(anonymous_0)","decl":{"start":{"line":21,"column":4},"end":{"line":21,"column":5}},"loc":{"start":{"line":21,"column":77},"end":{"line":27,"column":5}},"line":21},"1":{"name":"(anonymous_1)","decl":{"start":{"line":32,"column":4},"end":{"line":32,"column":5}},"loc":{"start":{"line":32,"column":16},"end":{"line":34,"column":5}},"line":32},"2":{"name":"(anonymous_2)","decl":{"start":{"line":39,"column":4},"end":{"line":39,"column":5}},"loc":{"start":{"line":39,"column":26},"end":{"line":41,"column":5}},"line":39},"3":{"name":"(anonymous_3)","decl":{"start":{"line":46,"column":4},"end":{"line":46,"column":5}},"loc":{"start":{"line":46,"column":32},"end":{"line":48,"column":5}},"line":46},"4":{"name":"(anonymous_4)","decl":{"start":{"line":53,"column":4},"end":{"line":53,"column":5}},"loc":{"start":{"line":53,"column":22},"end":{"line":55,"column":5}},"line":53},"5":{"name":"(anonymous_5)","decl":{"start":{"line":60,"column":4},"end":{"line":60,"column":5}},"loc":{"start":{"line":60,"column":16},"end":{"line":62,"column":5}},"line":60},"6":{"name":"(anonymous_6)","decl":{"start":{"line":67,"column":4},"end":{"line":67,"column":5}},"loc":{"start":{"line":67,"column":22},"end":{"line":69,"column":5}},"line":67},"7":{"name":"(anonymous_7)","decl":{"start":{"line":74,"column":4},"end":{"line":74,"column":5}},"loc":{"start":{"line":74,"column":42},"end":{"line":77,"column":5}},"line":74},"8":{"name":"(anonymous_8)","decl":{"start":{"line":82,"column":4},"end":{"line":82,"column":5}},"loc":{"start":{"line":82,"column":54},"end":{"line":84,"column":5}},"line":82},"9":{"name":"(anonymous_9)","decl":{"start":{"line":89,"column":4},"end":{"line":89,"column":5}},"loc":{"start":{"line":89,"column":34},"end":{"line":91,"column":5}},"line":89},"10":{"name":"(anonymous_10)","decl":{"start":{"line":96,"column":4},"end":{"line":96,"column":5}},"loc":{"start":{"line":96,"column":22},"end":{"line":98,"column":5}},"line":96}},"branchMap":{},"s":{"0":1,"1":1,"2":1,"3":27,"4":27,"5":27,"6":27,"7":27,"8":8,"9":182,"10":142,"11":4,"12":37,"13":1,"14":10,"15":1,"16":1,"17":1,"18":1},"f":{"0":27,"1":8,"2":182,"3":142,"4":4,"5":37,"6":1,"7":10,"8":1,"9":1,"10":1},"b":{},"inputSourceMap":{"version":3,"file":"/home/usuario/ull-esit-inf-dsi-20-21-prct07-menu-datamodel-grupo-q/src/ingredientes/ingredientes.ts","sources":["/home/usuario/ull-esit-inf-dsi-20-21-prct07-menu-datamodel-grupo-q/src/ingredientes/ingredientes.ts"],"names":[],"mappings":";;;AACA,uDAAmD;AAInD;;;;;;GAMG;AACH,MAAa,WAAY,SAAQ,iCAAe;IAQ5C;;;;;;;OAOG;IACH,YAAY,MAAc,EAAE,KAAa,EAAE,sBAAwD,EACnG,YAA8B,EAAE,MAAc;QAC1C,KAAK,CAAC,KAAK,CAAC,CAAA;QACZ,IAAI,CAAC,MAAM,GAAG,MAAM,CAAC;QACrB,IAAI,CAAC,sBAAsB,GAAG,EAAC,OAAO,EAAE,sBAAsB,CAAC,CAAC,CAAC,EAAE,QAAQ,EAAE,sBAAsB,CAAC,CAAC,CAAC,EAAE,SAAS,EAAE,sBAAsB,CAAC,CAAC,CAAC,EAAE,IAAI,EAAE,sBAAsB,CAAC,CAAC,CAAC,EAAC,CAAC;QAC/K,IAAI,CAAC,YAAY,GAAG,EAAC,MAAM,EAAE,YAAY,CAAC,CAAC,CAAC,EAAE,IAAI,EAAE,YAAY,CAAC,CAAC,CAAC,EAAC,CAAC;QACrE,IAAI,CAAC,MAAM,GAAG,MAAM,CAAC;IACzB,CAAC;IAGD;;;OAGG;IACH,SAAS;QAEL,OAAO,IAAI,CAAC,MAAM,CAAC;IACvB,CAAC;IAGD;;;OAGG;IACH,mBAAmB;QAEf,OAAO,IAAI,CAAC,QAAQ,EAAE,CAAC;IAC3B,CAAC;IAGD;;;OAGG;IACH,yBAAyB;QAErB,OAAO,IAAI,CAAC,sBAAsB,CAAC;IACvC,CAAC;IAGD;;;OAGG;IACH,eAAe;QAEX,OAAO,IAAI,CAAC,YAAY,CAAC;IAC7B,CAAC;IAGD;;;OAGG;IACH,SAAS;QAEL,OAAO,IAAI,CAAC,MAAM,CAAC;IACvB,CAAC;IAGD;;;OAGG;IACH,SAAS,CAAC,MAAc;QAEpB,IAAI,CAAC,MAAM,GAAG,MAAM,CAAC;IACzB,CAAC;IAGD;;;OAGG;IACH,mBAAmB,CAAC,gBAAwB;QAExC,IAAI,CAAC,QAAQ,CAAC,gBAAgB,CAAC,CAAC;QAChC,0CAA0C;IAC9C,CAAC;IAGD;;;OAGG;IACH,yBAAyB,CAAC,sBAAwD;QAE9E,IAAI,CAAC,sBAAsB,GAAG,EAAC,OAAO,EAAE,sBAAsB,CAAC,CAAC,CAAC,EAAE,QAAQ,EAAE,sBAAsB,CAAC,CAAC,CAAC,EAAE,SAAS,EAAE,sBAAsB,CAAC,CAAC,CAAC,EAAE,IAAI,EAAE,sBAAsB,CAAC,CAAC,CAAC,EAAC,CAAC;IACnL,CAAC;IAGD;;;OAGG;IACH,eAAe,CAAC,YAA8B;QAE1C,IAAI,CAAC,YAAY,GAAG,EAAC,MAAM,EAAE,YAAY,CAAC,CAAC,CAAC,EAAE,IAAI,EAAE,YAAY,CAAC,CAAC,CAAC,EAAC,CAAC;IACzE,CAAC;IAGD;;;OAGG;IACH,SAAS,CAAC,MAAc;QAEpB,IAAI,CAAC,MAAM,GAAG,MAAM,CAAC;IACzB,CAAC;CACJ;AA7HD,kCA6HC","sourcesContent":["import { GrupoAlimenticio, ComposicionNutricional, Localizacion } from \"./tiposDefinidos\"\nimport { GruposAlimentos } from \"./gruposAlimentos\"\nimport { IngredientesI } from \"./interfazIngredientes\"\n\n\n/**\n * Clase Ingrediente. Permite instanciar objetos de tipo Ingrediente. Se extiende la clase\n * Grupos de Alimentos (GruposAlimentos) y se implementa la interfaz genérica Ingredientes (IngredientesI),\n * con los tipos definidos GrupoAlimenticio, composicionNutricional y Localizacion. Las propiedades que\n * tiene un ingrediente son: Nombre, grupo alimenticio al que pertenece, su composición nutricional,\n * la ciudad y el país de origen y el precio por 1kg de ese ingrediente.\n */\nexport class Ingrediente extends GruposAlimentos implements IngredientesI<GrupoAlimenticio, ComposicionNutricional, Localizacion>{\n\n    private nombre: string;\n    private composicionNutricional: ComposicionNutricional;\n    private localizacion: Localizacion;\n    private precio: number\n\n\n    /**\n     * Constructor de la clase Ingrediente.\n     * @param nombre Nombre del ingrediente.\n     * @param grupo Grupo alimenticio del ingrediente.\n     * @param composicionNutricional Composición nutricional del ingrediente [Lípidos, Hidratos de Carbono, Proteínas, Kcal].\n     * @param localizacion Origen del ingrediente [Ciudad, País].\n     * @param precio Precio del ingrediente.\n     */\n    constructor(nombre: string, grupo: number, composicionNutricional: [number, number, number, number],\n    localizacion: [string, string], precio: number){\n        super(grupo)\n        this.nombre = nombre;\n        this.composicionNutricional = {lipidos: composicionNutricional[0], hCarbono: composicionNutricional[1], proteinas: composicionNutricional[2], kCal: composicionNutricional[3]};\n        this.localizacion = {ciudad: localizacion[0], pais: localizacion[1]};\n        this.precio = precio;\n    }\n\n\n    /**\n     * Método getter para obtener el nombre del ingrediente.\n     * @returns Se retorna el nombre del ingrediente en forma de string.\n     */\n    getNombre(){\n\n        return this.nombre;\n    }\n\n\n    /**\n     * Método getter para obtener el grupo alimenticio del ingrediente.\n     * @returns Se retorna el grupo alimenticio del ingrediente en forma del tipo de dato GrupoAlimenticio.\n     */\n    getGrupoAlimenticio(){\n        \n        return this.getGrupo();\n    }\n\n\n    /**\n     * Método getter para obtener la composición nutricional del ingrediente.\n     * @returns Se retorna la composición nutricional del ingrediente en forma del tipo de dato composicionNutricional.\n     */\n    getComposicionNutricional(){\n        \n        return this.composicionNutricional;\n    }\n\n\n    /**\n     * Método getter para obtener la localización del ingrediente.\n     * @returns Se retorna la localización del ingrediente en forma del tipo de dato Localización.\n     */\n    getLocalizacion(){\n        \n        return this.localizacion;\n    }\n\n\n    /**\n     * Método getter para obtener el precio del ingrediente.\n     * @returns Se retorna el precio del ingrediente.\n     */\n    getPrecio(){\n        \n        return this.precio;\n    }\n\n\n    /**\n     * Método setter para definir el nombre del ingrediente.\n     * @param nombre Nombre del ingrediente.\n     */\n    setNombre(nombre: string){\n\n        this.nombre = nombre;\n    }\n\n\n    /**\n     * Método setter para definir el grupo alimenticio al que pertenece el ingrediente.\n     * @param grupoAlimenticio Grupo alimenticio del ingrediente.\n     */\n    setGrupoAlimenticio(grupoAlimenticio: number){\n        \n        this.setGrupo(grupoAlimenticio);\n        //this.grupoAlimenticio = this.getGrupo();\n    }\n\n\n    /**\n     * Método setter para definir la composición nutricional del ingrediente.\n     * @param composicionNutricional Composición nutricional del ingrediente [Lípidos, Hidratos de Carbono, Proteínas, Kcal].\n     */\n    setComposicionNutricional(composicionNutricional: [number, number, number, number]){\n        \n        this.composicionNutricional = {lipidos: composicionNutricional[0], hCarbono: composicionNutricional[1], proteinas: composicionNutricional[2], kCal: composicionNutricional[3]};\n    }\n\n\n    /**\n     * Método setter para definir la localización de origen del ingrediente.\n     * @param localizacion Origen del ingrediente [Ciudad, País].\n     */\n    setLocalizacion(localizacion: [string, string]){\n        \n        this.localizacion = {ciudad: localizacion[0], pais: localizacion[1]};\n    }\n\n\n    /**\n     * Método setter para definir el precio del ingrediente.\n     * @param precio Precio del ingrediente.\n     */\n    setPrecio(precio: number){\n        \n        this.precio = precio;\n    }\n}"]},"_coverageSchema":"1a1c01bbd47fc00a2c39e90264f33305004495a9","hash":"20cb92d54cc95b56ba5dae3bd97c4b52e318e80b","contentHash":"432128f4da2c9baa81c98037354493d2705a7e6ecdeedd9220d8252861035671"},"/home/usuario/ull-esit-inf-dsi-20-21-prct07-menu-datamodel-grupo-q/src/ingredientes/gruposAlimentos.ts":{"path":"/home/usuario/ull-esit-inf-dsi-20-21-prct07-menu-datamodel-grupo-q/src/ingredientes/gruposAlimentos.ts","statementMap":{"0":{"start":{"line":2,"column":0},"end":{"line":2,"column":62}},"1":{"start":{"line":3,"column":0},"end":{"line":3,"column":33}},"2":{"start":{"line":18,"column":8},"end":{"line":18,"column":50}},"3":{"start":{"line":19,"column":8},"end":{"line":19,"column":29}},"4":{"start":{"line":26,"column":8},"end":{"line":26,"column":26}},"5":{"start":{"line":34,"column":8},"end":{"line":50,"column":9}},"6":{"start":{"line":36,"column":16},"end":{"line":36,"column":127}},"7":{"start":{"line":37,"column":16},"end":{"line":37,"column":22}},"8":{"start":{"line":39,"column":16},"end":{"line":39,"column":84}},"9":{"start":{"line":40,"column":16},"end":{"line":40,"column":22}},"10":{"start":{"line":42,"column":16},"end":{"line":42,"column":88}},"11":{"start":{"line":43,"column":16},"end":{"line":43,"column":22}},"12":{"start":{"line":45,"column":16},"end":{"line":45,"column":70}},"13":{"start":{"line":46,"column":16},"end":{"line":46,"column":22}},"14":{"start":{"line":48,"column":16},"end":{"line":48,"column":68}},"15":{"start":{"line":49,"column":16},"end":{"line":49,"column":22}},"16":{"start":{"line":53,"column":0},"end":{"line":53,"column":42}}},"fnMap":{"0":{"name":"(anonymous_0)","decl":{"start":{"line":14,"column":4},"end":{"line":14,"column":5}},"loc":{"start":{"line":14,"column":23},"end":{"line":20,"column":5}},"line":14},"1":{"name":"(anonymous_1)","decl":{"start":{"line":25,"column":4},"end":{"line":25,"column":5}},"loc":{"start":{"line":25,"column":15},"end":{"line":27,"column":5}},"line":25},"2":{"name":"(anonymous_2)","decl":{"start":{"line":33,"column":4},"end":{"line":33,"column":5}},"loc":{"start":{"line":33,"column":20},"end":{"line":51,"column":5}},"line":33}},"branchMap":{"0":{"loc":{"start":{"line":34,"column":8},"end":{"line":50,"column":9}},"type":"switch","locations":[{"start":{"line":35,"column":12},"end":{"line":37,"column":22}},{"start":{"line":38,"column":12},"end":{"line":40,"column":22}},{"start":{"line":41,"column":12},"end":{"line":43,"column":22}},{"start":{"line":44,"column":12},"end":{"line":46,"column":22}},{"start":{"line":47,"column":12},"end":{"line":49,"column":22}}],"line":34}},"s":{"0":1,"1":1,"2":27,"3":27,"4":182,"5":37,"6":8,"7":8,"8":22,"9":22,"10":3,"11":3,"12":4,"13":4,"14":0,"15":0,"16":1},"f":{"0":27,"1":182,"2":37},"b":{"0":[8,22,3,4,0]},"inputSourceMap":{"version":3,"file":"/home/usuario/ull-esit-inf-dsi-20-21-prct07-menu-datamodel-grupo-q/src/ingredientes/gruposAlimentos.ts","sources":["/home/usuario/ull-esit-inf-dsi-20-21-prct07-menu-datamodel-grupo-q/src/ingredientes/gruposAlimentos.ts"],"names":[],"mappings":";;;AAGA;;;;GAIG;AACH,MAAsB,eAAe;IAQjC;;;OAGG;IACH,YAAY,KAAa;QAVzB;;WAEG;QACK,UAAK,GAAqB,EAAE,QAAQ,EAAE,CAAC,EAAE,KAAK,EAAE,CAAC,EAAE,CAAC,EAAE,CAAC;QAS3D,IAAI,CAAC,QAAQ,CAAC,KAAK,CAAC,CAAC;IACzB,CAAC;IAGD;;;OAGG;IACO,QAAQ;QAEd,OAAO,IAAI,CAAC,KAAK,CAAC;IACtB,CAAC;IAGD;;;;OAIG;IACO,QAAQ,CAAC,KAAa;QAE5B,QAAQ,KAAK,EAAE;YAEX,KAAK,CAAC;gBAEF,IAAI,CAAC,KAAK,GAAG,EAAC,QAAQ,EAAE,KAAK,EAAE,KAAK,EAAE,CAAC,QAAQ,EAAE,UAAU,EAAE,QAAQ,EAAE,MAAM,EAAE,cAAc,EAAE,WAAW,CAAC,EAAC,CAAC;gBAEjH,MAAM;YAEN,KAAK,CAAC;gBAEF,IAAI,CAAC,KAAK,GAAG,EAAC,QAAQ,EAAE,KAAK,EAAE,KAAK,EAAE,CAAC,UAAU,EAAE,YAAY,CAAC,EAAC,CAAC;gBAEtE,MAAM;YAEN,KAAK,CAAC;gBAEF,IAAI,CAAC,KAAK,GAAG,EAAC,QAAQ,EAAE,KAAK,EAAE,KAAK,EAAE,CAAC,OAAO,EAAE,mBAAmB,CAAC,EAAC,CAAC;gBAE1E,MAAM;YAEN,KAAK,CAAC;gBAEF,IAAI,CAAC,KAAK,GAAG,EAAC,QAAQ,EAAE,KAAK,EAAE,KAAK,EAAE,CAAC,UAAU,CAAC,EAAC,CAAC;gBAExD,MAAM;YAEN,KAAK,CAAC;gBAEF,IAAI,CAAC,KAAK,GAAG,EAAC,QAAQ,EAAE,KAAK,EAAE,KAAK,EAAE,CAAC,QAAQ,CAAC,EAAC,CAAC;gBAEtD,MAAM;SACT;IACL,CAAC;CACJ;AApED,0CAoEC","sourcesContent":["import {GrupoAlimenticio} from \"./tiposDefinidos\"\n\n\n/**\n * Clase abstracta para definir los grupos de alimentos. Se utilizará como recurso para completar el grupo\n * alimenticio al que pertenece un ingrediente. Se trata de una clase abstracta, por lo que no se podrán \n * realizar instancias de la clase.\n */\nexport abstract class GruposAlimentos {\n\n    /**\n     * Propiedad grupo de tipo GrupoAlimenticio.\n     */\n    private grupo: GrupoAlimenticio = { numGrupo: 0, grupo: [\"\"] };\n\n\n    /**\n     * Constructor de la clase GruposAlimentos.\n     * @param grupo Grupo alimenticio del ingrediente.\n     */\n    constructor(grupo: number){\n\n        this.setGrupo(grupo);\n    }\n\n\n    /**\n     * Método getter para obtener el grupo al que pertenece el ingrediente.\n     * @returns Retorna el grupo del ingrdiente de tipo GrupoAlimenticio.\n     */\n    protected getGrupo(){\n\n        return this.grupo;\n    }\n\n\n    /**\n     * Método setter para establecer el grupo al que pertence el ingrediente, así como para indicar los ingredientes\n     * del grupo.\n     * @param grupo Grupo al que pertence el ingrediente.\n     */\n    protected setGrupo(grupo: number){\n\n        switch (grupo) {\n\n            case 1:\n\n                this.grupo = {numGrupo: grupo, grupo: [\"Carnes\", \"Pescados\", \"Huevos\", \"Tofu\", \"Frutos Secos\", \"Legumbres\"]};\n\n            break;\n\n            case 2:\n\n                this.grupo = {numGrupo: grupo, grupo: [\"Verduras\", \"Hortalizas\"]};\n\n            break;\n\n            case 3:\n\n                this.grupo = {numGrupo: grupo, grupo: [\"Leche\", \"Derivados Lacteos\"]};\n\n            break;\n\n            case 4:\n\n                this.grupo = {numGrupo: grupo, grupo: [\"Cereales\"]};\n\n            break;\n\n            case 5:\n\n                this.grupo = {numGrupo: grupo, grupo: [\"Frutas\"]};\n\n            break;\n        }\n    }\n}"]},"_coverageSchema":"1a1c01bbd47fc00a2c39e90264f33305004495a9","hash":"47816cb1faeac627706d6986bfbe1a07b927d51a","contentHash":"0fe4a6cbc531160d08d58c1a072cc607c2f9bb126a4800323ad89c5f53605a7b"},"/home/usuario/ull-esit-inf-dsi-20-21-prct07-menu-datamodel-grupo-q/src/carta/printCarta.ts":{"path":"/home/usuario/ull-esit-inf-dsi-20-21-prct07-menu-datamodel-grupo-q/src/carta/printCarta.ts","statementMap":{"0":{"start":{"line":2,"column":0},"end":{"line":2,"column":62}},"1":{"start":{"line":3,"column":0},"end":{"line":3,"column":30}},"2":{"start":{"line":9,"column":8},"end":{"line":9,"column":27}},"3":{"start":{"line":10,"column":8},"end":{"line":10,"column":27}},"4":{"start":{"line":16,"column":8},"end":{"line":16,"column":59}},"5":{"start":{"line":17,"column":23},"end":{"line":17,"column":39}},"6":{"start":{"line":19,"column":8},"end":{"line":39,"column":11}},"7":{"start":{"line":20,"column":12},"end":{"line":29,"column":15}},"8":{"start":{"line":21,"column":16},"end":{"line":22,"column":59}},"9":{"start":{"line":22,"column":20},"end":{"line":22,"column":59}},"10":{"start":{"line":23,"column":16},"end":{"line":24,"column":59}},"11":{"start":{"line":24,"column":20},"end":{"line":24,"column":59}},"12":{"start":{"line":25,"column":16},"end":{"line":26,"column":59}},"13":{"start":{"line":26,"column":20},"end":{"line":26,"column":59}},"14":{"start":{"line":27,"column":16},"end":{"line":28,"column":59}},"15":{"start":{"line":28,"column":20},"end":{"line":28,"column":59}},"16":{"start":{"line":30,"column":12},"end":{"line":30,"column":63}},"17":{"start":{"line":31,"column":12},"end":{"line":31,"column":49}},"18":{"start":{"line":32,"column":12},"end":{"line":32,"column":97}},"19":{"start":{"line":32,"column":48},"end":{"line":32,"column":93}},"20":{"start":{"line":33,"column":12},"end":{"line":33,"column":53}},"21":{"start":{"line":34,"column":12},"end":{"line":34,"column":97}},"22":{"start":{"line":34,"column":48},"end":{"line":34,"column":93}},"23":{"start":{"line":35,"column":12},"end":{"line":35,"column":54}},"24":{"start":{"line":36,"column":12},"end":{"line":36,"column":97}},"25":{"start":{"line":36,"column":48},"end":{"line":36,"column":93}},"26":{"start":{"line":37,"column":12},"end":{"line":37,"column":48}},"27":{"start":{"line":38,"column":12},"end":{"line":38,"column":101}},"28":{"start":{"line":38,"column":48},"end":{"line":38,"column":97}},"29":{"start":{"line":40,"column":8},"end":{"line":40,"column":36}},"30":{"start":{"line":41,"column":8},"end":{"line":41,"column":38}},"31":{"start":{"line":42,"column":8},"end":{"line":51,"column":11}},"32":{"start":{"line":43,"column":12},"end":{"line":44,"column":52}},"33":{"start":{"line":44,"column":16},"end":{"line":44,"column":52}},"34":{"start":{"line":45,"column":12},"end":{"line":46,"column":52}},"35":{"start":{"line":46,"column":16},"end":{"line":46,"column":52}},"36":{"start":{"line":47,"column":12},"end":{"line":48,"column":52}},"37":{"start":{"line":48,"column":16},"end":{"line":48,"column":52}},"38":{"start":{"line":49,"column":12},"end":{"line":50,"column":52}},"39":{"start":{"line":50,"column":16},"end":{"line":50,"column":52}},"40":{"start":{"line":52,"column":8},"end":{"line":52,"column":46}},"41":{"start":{"line":53,"column":8},"end":{"line":53,"column":87}},"42":{"start":{"line":53,"column":41},"end":{"line":53,"column":83}},"43":{"start":{"line":54,"column":8},"end":{"line":54,"column":52}},"44":{"start":{"line":55,"column":8},"end":{"line":55,"column":87}},"45":{"start":{"line":55,"column":41},"end":{"line":55,"column":83}},"46":{"start":{"line":56,"column":8},"end":{"line":56,"column":52}},"47":{"start":{"line":57,"column":8},"end":{"line":57,"column":87}},"48":{"start":{"line":57,"column":41},"end":{"line":57,"column":83}},"49":{"start":{"line":58,"column":8},"end":{"line":58,"column":44}},"50":{"start":{"line":59,"column":8},"end":{"line":59,"column":87}},"51":{"start":{"line":59,"column":41},"end":{"line":59,"column":83}},"52":{"start":{"line":66,"column":8},"end":{"line":66,"column":26}},"53":{"start":{"line":73,"column":8},"end":{"line":73,"column":27}},"54":{"start":{"line":76,"column":0},"end":{"line":76,"column":36}}},"fnMap":{"0":{"name":"(anonymous_0)","decl":{"start":{"line":8,"column":4},"end":{"line":8,"column":5}},"loc":{"start":{"line":8,"column":23},"end":{"line":11,"column":5}},"line":8},"1":{"name":"(anonymous_1)","decl":{"start":{"line":15,"column":4},"end":{"line":15,"column":5}},"loc":{"start":{"line":15,"column":12},"end":{"line":60,"column":5}},"line":15},"2":{"name":"(anonymous_2)","decl":{"start":{"line":19,"column":38},"end":{"line":19,"column":39}},"loc":{"start":{"line":19,"column":48},"end":{"line":39,"column":9}},"line":19},"3":{"name":"(anonymous_3)","decl":{"start":{"line":20,"column":37},"end":{"line":20,"column":38}},"loc":{"start":{"line":20,"column":51},"end":{"line":29,"column":13}},"line":20},"4":{"name":"(anonymous_4)","decl":{"start":{"line":32,"column":32},"end":{"line":32,"column":33}},"loc":{"start":{"line":32,"column":46},"end":{"line":32,"column":95}},"line":32},"5":{"name":"(anonymous_5)","decl":{"start":{"line":34,"column":32},"end":{"line":34,"column":33}},"loc":{"start":{"line":34,"column":46},"end":{"line":34,"column":95}},"line":34},"6":{"name":"(anonymous_6)","decl":{"start":{"line":36,"column":32},"end":{"line":36,"column":33}},"loc":{"start":{"line":36,"column":46},"end":{"line":36,"column":95}},"line":36},"7":{"name":"(anonymous_7)","decl":{"start":{"line":38,"column":32},"end":{"line":38,"column":33}},"loc":{"start":{"line":38,"column":46},"end":{"line":38,"column":99}},"line":38},"8":{"name":"(anonymous_8)","decl":{"start":{"line":42,"column":39},"end":{"line":42,"column":40}},"loc":{"start":{"line":42,"column":50},"end":{"line":51,"column":9}},"line":42},"9":{"name":"(anonymous_9)","decl":{"start":{"line":53,"column":28},"end":{"line":53,"column":29}},"loc":{"start":{"line":53,"column":39},"end":{"line":53,"column":85}},"line":53},"10":{"name":"(anonymous_10)","decl":{"start":{"line":55,"column":28},"end":{"line":55,"column":29}},"loc":{"start":{"line":55,"column":39},"end":{"line":55,"column":85}},"line":55},"11":{"name":"(anonymous_11)","decl":{"start":{"line":57,"column":28},"end":{"line":57,"column":29}},"loc":{"start":{"line":57,"column":39},"end":{"line":57,"column":85}},"line":57},"12":{"name":"(anonymous_12)","decl":{"start":{"line":59,"column":28},"end":{"line":59,"column":29}},"loc":{"start":{"line":59,"column":39},"end":{"line":59,"column":85}},"line":59},"13":{"name":"(anonymous_13)","decl":{"start":{"line":65,"column":4},"end":{"line":65,"column":5}},"loc":{"start":{"line":65,"column":15},"end":{"line":67,"column":5}},"line":65},"14":{"name":"(anonymous_14)","decl":{"start":{"line":72,"column":4},"end":{"line":72,"column":5}},"loc":{"start":{"line":72,"column":20},"end":{"line":74,"column":5}},"line":72}},"branchMap":{"0":{"loc":{"start":{"line":21,"column":16},"end":{"line":22,"column":59}},"type":"if","locations":[{"start":{"line":21,"column":16},"end":{"line":22,"column":59}},{"start":{"line":21,"column":16},"end":{"line":22,"column":59}}],"line":21},"1":{"loc":{"start":{"line":23,"column":16},"end":{"line":24,"column":59}},"type":"if","locations":[{"start":{"line":23,"column":16},"end":{"line":24,"column":59}},{"start":{"line":23,"column":16},"end":{"line":24,"column":59}}],"line":23},"2":{"loc":{"start":{"line":25,"column":16},"end":{"line":26,"column":59}},"type":"if","locations":[{"start":{"line":25,"column":16},"end":{"line":26,"column":59}},{"start":{"line":25,"column":16},"end":{"line":26,"column":59}}],"line":25},"3":{"loc":{"start":{"line":27,"column":16},"end":{"line":28,"column":59}},"type":"if","locations":[{"start":{"line":27,"column":16},"end":{"line":28,"column":59}},{"start":{"line":27,"column":16},"end":{"line":28,"column":59}}],"line":27},"4":{"loc":{"start":{"line":43,"column":12},"end":{"line":44,"column":52}},"type":"if","locations":[{"start":{"line":43,"column":12},"end":{"line":44,"column":52}},{"start":{"line":43,"column":12},"end":{"line":44,"column":52}}],"line":43},"5":{"loc":{"start":{"line":45,"column":12},"end":{"line":46,"column":52}},"type":"if","locations":[{"start":{"line":45,"column":12},"end":{"line":46,"column":52}},{"start":{"line":45,"column":12},"end":{"line":46,"column":52}}],"line":45},"6":{"loc":{"start":{"line":47,"column":12},"end":{"line":48,"column":52}},"type":"if","locations":[{"start":{"line":47,"column":12},"end":{"line":48,"column":52}},{"start":{"line":47,"column":12},"end":{"line":48,"column":52}}],"line":47},"7":{"loc":{"start":{"line":49,"column":12},"end":{"line":50,"column":52}},"type":"if","locations":[{"start":{"line":49,"column":12},"end":{"line":50,"column":52}},{"start":{"line":49,"column":12},"end":{"line":50,"column":52}}],"line":49}},"s":{"0":1,"1":1,"2":1,"3":1,"4":1,"5":1,"6":1,"7":1,"8":3,"9":1,"10":3,"11":0,"12":3,"13":1,"14":3,"15":1,"16":1,"17":1,"18":1,"19":1,"20":1,"21":1,"22":0,"23":1,"24":1,"25":1,"26":1,"27":1,"28":1,"29":1,"30":1,"31":1,"32":3,"33":1,"34":3,"35":0,"36":3,"37":1,"38":3,"39":1,"40":1,"41":1,"42":1,"43":1,"44":1,"45":0,"46":1,"47":1,"48":1,"49":1,"50":1,"51":1,"52":0,"53":0,"54":1},"f":{"0":1,"1":1,"2":1,"3":3,"4":1,"5":0,"6":1,"7":1,"8":3,"9":1,"10":0,"11":1,"12":1,"13":0,"14":0},"b":{"0":[1,2],"1":[0,3],"2":[1,2],"3":[1,2],"4":[1,2],"5":[0,3],"6":[1,2],"7":[1,2]},"inputSourceMap":{"version":3,"file":"/home/usuario/ull-esit-inf-dsi-20-21-prct07-menu-datamodel-grupo-q/src/carta/printCarta.ts","sources":["/home/usuario/ull-esit-inf-dsi-20-21-prct07-menu-datamodel-grupo-q/src/carta/printCarta.ts"],"names":[],"mappings":";;;AAEA;;GAEG;AACH,MAAa,YAAY;IACvB,YAAoB,KAAY;QAAZ,UAAK,GAAL,KAAK,CAAO;QAC9B,IAAI,CAAC,KAAK,GAAG,KAAK,CAAC;IACrB,CAAC;IAED;;OAEG;IACH,KAAK;QACH,OAAO,CAAC,GAAG,CAAC,qCAAqC,CAAC,CAAC;QACnD,IAAI,QAAQ,GAA6C,CAAC,EAAE,EAAE,EAAE,EAAE,EAAE,EAAE,EAAE,CAAC,CAAC;QAAA,CAAC;QAC3E,IAAI,CAAC,KAAK,CAAC,QAAQ,EAAE,CAAC,OAAO,CAAC,CAAC,IAAI,EAAE,EAAE;YACrC,IAAI,CAAC,SAAS,EAAE,CAAC,OAAO,CAAC,CAAC,QAAQ,EAAE,EAAE;gBACpC,IAAI,QAAQ,CAAC,YAAY,EAAE,IAAI,UAAU;oBAAE,QAAQ,CAAC,CAAC,CAAC,CAAC,IAAI,CAAC,QAAQ,CAAC,SAAS,EAAE,CAAC,CAAC;gBAClF,IAAI,QAAQ,CAAC,YAAY,EAAE,IAAI,cAAc;oBAAE,QAAQ,CAAC,CAAC,CAAC,CAAC,IAAI,CAAC,QAAQ,CAAC,SAAS,EAAE,CAAC,CAAC;gBACtF,IAAI,QAAQ,CAAC,YAAY,EAAE,IAAI,eAAe;oBAAE,QAAQ,CAAC,CAAC,CAAC,CAAC,IAAI,CAAC,QAAQ,CAAC,SAAS,EAAE,CAAC,CAAC;gBACvF,IAAI,QAAQ,CAAC,YAAY,EAAE,IAAI,QAAQ;oBAAE,QAAQ,CAAC,CAAC,CAAC,CAAC,IAAI,CAAC,QAAQ,CAAC,SAAS,EAAE,CAAC,CAAC;YAClF,CAAC,CAAC,CAAC;YAEH,OAAO,CAAC,GAAG,CAAC,mBAAmB,IAAI,CAAC,SAAS,EAAE,EAAE,CAAC,CAAC;YACnD,OAAO,CAAC,GAAG,CAAC,uBAAuB,CAAC,CAAA;YACpC,QAAQ,CAAC,CAAC,CAAC,CAAC,OAAO,CAAC,CAAC,QAAQ,EAAE,EAAE,GAAG,OAAO,CAAC,GAAG,CAAC,qBAAqB,QAAQ,EAAE,CAAC,CAAA,CAAA,CAAC,CAAC,CAAC;YACnF,OAAO,CAAC,GAAG,CAAC,2BAA2B,CAAC,CAAA;YACxC,QAAQ,CAAC,CAAC,CAAC,CAAC,OAAO,CAAC,CAAC,QAAQ,EAAE,EAAE,GAAG,OAAO,CAAC,GAAG,CAAC,qBAAqB,QAAQ,EAAE,CAAC,CAAA,CAAA,CAAC,CAAC,CAAC;YACnF,OAAO,CAAC,GAAG,CAAC,4BAA4B,CAAC,CAAA;YACzC,QAAQ,CAAC,CAAC,CAAC,CAAC,OAAO,CAAC,CAAC,QAAQ,EAAE,EAAE,GAAG,OAAO,CAAC,GAAG,CAAC,qBAAqB,QAAQ,EAAE,CAAC,CAAA,CAAA,CAAC,CAAC,CAAC;YACnF,OAAO,CAAC,GAAG,CAAC,sBAAsB,CAAC,CAAA;YACnC,QAAQ,CAAC,CAAC,CAAC,CAAC,OAAO,CAAC,CAAC,QAAQ,EAAE,EAAE,GAAG,OAAO,CAAC,GAAG,CAAC,qBAAqB,QAAQ,MAAM,CAAC,CAAA,CAAA,CAAC,CAAC,CAAC;QACzF,CAAC,CAAC,CAAC;QAEH,QAAQ,GAAG,CAAC,EAAE,EAAE,EAAE,EAAE,EAAE,EAAE,EAAE,CAAC,CAAC;QAE5B,OAAO,CAAC,GAAG,CAAC,gBAAgB,CAAC,CAAC;QAC9B,IAAI,CAAC,KAAK,CAAC,SAAS,EAAE,CAAC,OAAO,CAAC,CAAC,KAAK,EAAE,EAAE;YACvC,IAAI,KAAK,CAAC,YAAY,EAAE,IAAI,UAAU;gBAAE,QAAQ,CAAC,CAAC,CAAC,CAAC,IAAI,CAAC,KAAK,CAAC,SAAS,EAAE,CAAC,CAAC;YAC5E,IAAI,KAAK,CAAC,YAAY,EAAE,IAAI,cAAc;gBAAE,QAAQ,CAAC,CAAC,CAAC,CAAC,IAAI,CAAC,KAAK,CAAC,SAAS,EAAE,CAAC,CAAC;YAChF,IAAI,KAAK,CAAC,YAAY,EAAE,IAAI,eAAe;gBAAE,QAAQ,CAAC,CAAC,CAAC,CAAC,IAAI,CAAC,KAAK,CAAC,SAAS,EAAE,CAAC,CAAC;YACjF,IAAI,KAAK,CAAC,YAAY,EAAE,IAAI,QAAQ;gBAAE,QAAQ,CAAC,CAAC,CAAC,CAAC,IAAI,CAAC,KAAK,CAAC,SAAS,EAAE,CAAC,CAAC;QAC5E,CAAC,CAAC,CAAC;QAEH,OAAO,CAAC,GAAG,CAAC,wBAAwB,CAAC,CAAA;QACrC,QAAQ,CAAC,CAAC,CAAC,CAAC,OAAO,CAAC,CAAC,KAAK,EAAE,EAAE,GAAG,OAAO,CAAC,GAAG,CAAC,qBAAqB,KAAK,EAAE,CAAC,CAAA,CAAA,CAAC,CAAC,CAAC;QAC7E,OAAO,CAAC,GAAG,CAAC,8BAA8B,CAAC,CAAA;QAC3C,QAAQ,CAAC,CAAC,CAAC,CAAC,OAAO,CAAC,CAAC,KAAK,EAAE,EAAE,GAAG,OAAO,CAAC,GAAG,CAAC,qBAAqB,KAAK,EAAE,CAAC,CAAA,CAAA,CAAC,CAAC,CAAC;QAC7E,OAAO,CAAC,GAAG,CAAC,8BAA8B,CAAC,CAAA;QAC3C,QAAQ,CAAC,CAAC,CAAC,CAAC,OAAO,CAAC,CAAC,KAAK,EAAE,EAAE,GAAG,OAAO,CAAC,GAAG,CAAC,qBAAqB,KAAK,EAAE,CAAC,CAAA,CAAA,CAAC,CAAC,CAAC;QAC7E,OAAO,CAAC,GAAG,CAAC,sBAAsB,CAAC,CAAA;QACnC,QAAQ,CAAC,CAAC,CAAC,CAAC,OAAO,CAAC,CAAC,KAAK,EAAE,EAAE,GAAG,OAAO,CAAC,GAAG,CAAC,qBAAqB,KAAK,EAAE,CAAC,CAAA,CAAA,CAAC,CAAC,CAAC;IAC/E,CAAC;IAED;;;OAGG;IACH,QAAQ;QACN,OAAO,IAAI,CAAC,KAAK,CAAC;IACpB,CAAC;IAED;;;OAGG;IACH,QAAQ,CAAC,KAAY;QACnB,IAAI,CAAC,KAAK,GAAG,KAAK,CAAC;IACrB,CAAC;CACF;AAjED,oCAiEC","sourcesContent":["import { Carta } from \"./carta\";\n\n/**\n * Clase para mostrar por pantalla el contenido de la carta\n */\nexport class CartaPrinter {\n  constructor(private carta: Carta) {\n    this.carta = carta;\n  }\n\n  /**\n   * Metodo para mostrar pon pantalla la carta\n   */\n  print() {\n    console.log(`CARTA DEL RESTAURANTE \\n     Menus:`);\n    let auxiliar: [string[], string[], string[], string[]] = [[], [], [], []];;\n    this.carta.getMenus().forEach((item) => {\n      item.getPlatos().forEach((elemento) => {\n        if (elemento.getCategoria() == \"Entrante\") auxiliar[0].push(elemento.getNombre());\n        if (elemento.getCategoria() == \"Primer plato\") auxiliar[1].push(elemento.getNombre());\n        if (elemento.getCategoria() == \"Segundo plato\") auxiliar[2].push(elemento.getNombre());\n        if (elemento.getCategoria() == \"Postre\") auxiliar[3].push(elemento.getNombre());\n      });\n      \n      console.log(`        Ǹombre: ${item.getNombre()}`);\n      console.log(`            Entrante:`)\n      auxiliar[0].forEach((elemento) => { console.log(`                ● ${elemento}`)});\n      console.log(`            Primer plato:`)\n      auxiliar[1].forEach((elemento) => { console.log(`                ● ${elemento}`)});\n      console.log(`            Segundo plato:`)\n      auxiliar[2].forEach((elemento) => { console.log(`                ● ${elemento}`)});\n      console.log(`            Postres:`)\n      auxiliar[3].forEach((elemento) => { console.log(`                ● ${elemento}\\n\\n`)});\n    });\n\n    auxiliar = [[], [], [], []];\n\n    console.log(`\\n     Platos:`);\n    this.carta.getPlatos().forEach((plato) => {\n      if (plato.getCategoria() == \"Entrante\") auxiliar[0].push(plato.getNombre());\n      if (plato.getCategoria() == \"Primer plato\") auxiliar[1].push(plato.getNombre());\n      if (plato.getCategoria() == \"Segundo plato\") auxiliar[2].push(plato.getNombre());\n      if (plato.getCategoria() == \"Postre\") auxiliar[3].push(plato.getNombre());\n    });\n\n    console.log(`            Entrantes:`)\n    auxiliar[0].forEach((plato) => { console.log(`                ● ${plato}`)});\n    console.log(`            Primeros platos:`)\n    auxiliar[1].forEach((plato) => { console.log(`                ● ${plato}`)});\n    console.log(`            Segundos platos:`)\n    auxiliar[2].forEach((plato) => { console.log(`                ● ${plato}`)});\n    console.log(`            Postres:`)\n    auxiliar[3].forEach((plato) => { console.log(`                ● ${plato}`)});\n  }\n\n  /**\n   * Metodo para obtener la carta a imprimir\n   * @returns el carta a imprimir\n   */\n  getcarta() {\n    return this.carta;\n  }\n\n  /**\n   * Metodo para establecer la nueva carta a imprimir\n   * @param carta carta a imprimir\n   */\n  setcarta(carta: Carta) {\n    this.carta = carta;\n  }\n}"]},"_coverageSchema":"1a1c01bbd47fc00a2c39e90264f33305004495a9","hash":"019403fdf3482034609a340d7c1c1f31db523303","contentHash":"762ff1d8d23ab50dba52e03fe36e5b72b38c6cb456f8852c58fa56f9e7a32c96"},"/home/usuario/ull-esit-inf-dsi-20-21-prct07-menu-datamodel-grupo-q/src/menus/menus.ts":{"path":"/home/usuario/ull-esit-inf-dsi-20-21-prct07-menu-datamodel-grupo-q/src/menus/menus.ts","statementMap":{"0":{"start":{"line":2,"column":0},"end":{"line":2,"column":62}},"1":{"start":{"line":3,"column":0},"end":{"line":3,"column":22}},"2":{"start":{"line":16,"column":8},"end":{"line":16,"column":29}},"3":{"start":{"line":17,"column":8},"end":{"line":17,"column":29}},"4":{"start":{"line":18,"column":8},"end":{"line":18,"column":24}},"5":{"start":{"line":19,"column":8},"end":{"line":19,"column":89}},"6":{"start":{"line":20,"column":22},"end":{"line":20,"column":24}},"7":{"start":{"line":21,"column":8},"end":{"line":55,"column":9}},"8":{"start":{"line":22,"column":12},"end":{"line":22,"column":33}},"9":{"start":{"line":23,"column":12},"end":{"line":23,"column":33}},"10":{"start":{"line":24,"column":27},"end":{"line":24,"column":28}},"11":{"start":{"line":25,"column":31},"end":{"line":25,"column":55}},"12":{"start":{"line":26,"column":37},"end":{"line":26,"column":40}},"13":{"start":{"line":27,"column":31},"end":{"line":27,"column":46}},"14":{"start":{"line":28,"column":12},"end":{"line":41,"column":15}},"15":{"start":{"line":29,"column":16},"end":{"line":33,"column":17}},"16":{"start":{"line":30,"column":20},"end":{"line":32,"column":21}},"17":{"start":{"line":31,"column":24},"end":{"line":31,"column":51}},"18":{"start":{"line":34,"column":16},"end":{"line":34,"column":134}},"19":{"start":{"line":35,"column":16},"end":{"line":35,"column":137}},"20":{"start":{"line":36,"column":16},"end":{"line":36,"column":140}},"21":{"start":{"line":37,"column":16},"end":{"line":37,"column":125}},"22":{"start":{"line":38,"column":16},"end":{"line":38,"column":62}},"23":{"start":{"line":39,"column":16},"end":{"line":39,"column":27}},"24":{"start":{"line":40,"column":16},"end":{"line":40,"column":52}},"25":{"start":{"line":42,"column":12},"end":{"line":43,"column":24}},"26":{"start":{"line":43,"column":16},"end":{"line":43,"column":24}},"27":{"start":{"line":44,"column":12},"end":{"line":45,"column":24}},"28":{"start":{"line":45,"column":16},"end":{"line":45,"column":24}},"29":{"start":{"line":48,"column":12},"end":{"line":49,"column":54}},"30":{"start":{"line":49,"column":16},"end":{"line":49,"column":54}},"31":{"start":{"line":50,"column":12},"end":{"line":51,"column":83}},"32":{"start":{"line":51,"column":16},"end":{"line":51,"column":83}},"33":{"start":{"line":52,"column":12},"end":{"line":54,"column":13}},"34":{"start":{"line":53,"column":16},"end":{"line":53,"column":54}},"35":{"start":{"line":62,"column":8},"end":{"line":62,"column":27}},"36":{"start":{"line":69,"column":8},"end":{"line":69,"column":29}},"37":{"start":{"line":76,"column":8},"end":{"line":76,"column":27}},"38":{"start":{"line":82,"column":8},"end":{"line":82,"column":24}},"39":{"start":{"line":83,"column":8},"end":{"line":85,"column":11}},"40":{"start":{"line":84,"column":12},"end":{"line":84,"column":57}},"41":{"start":{"line":92,"column":8},"end":{"line":92,"column":43}},"42":{"start":{"line":98,"column":8},"end":{"line":98,"column":48}},"43":{"start":{"line":99,"column":8},"end":{"line":99,"column":49}},"44":{"start":{"line":100,"column":8},"end":{"line":100,"column":50}},"45":{"start":{"line":101,"column":8},"end":{"line":101,"column":45}},"46":{"start":{"line":102,"column":8},"end":{"line":107,"column":11}},"47":{"start":{"line":103,"column":12},"end":{"line":103,"column":129}},"48":{"start":{"line":104,"column":12},"end":{"line":104,"column":132}},"49":{"start":{"line":105,"column":12},"end":{"line":105,"column":135}},"50":{"start":{"line":106,"column":12},"end":{"line":106,"column":120}},"51":{"start":{"line":114,"column":8},"end":{"line":114,"column":27}},"52":{"start":{"line":121,"column":8},"end":{"line":121,"column":32}},"53":{"start":{"line":122,"column":8},"end":{"line":122,"column":41}},"54":{"start":{"line":123,"column":8},"end":{"line":123,"column":25}},"55":{"start":{"line":130,"column":16},"end":{"line":130,"column":17}},"56":{"start":{"line":131,"column":21},"end":{"line":131,"column":22}},"57":{"start":{"line":132,"column":8},"end":{"line":137,"column":11}},"58":{"start":{"line":133,"column":12},"end":{"line":135,"column":13}},"59":{"start":{"line":134,"column":16},"end":{"line":134,"column":27}},"60":{"start":{"line":136,"column":12},"end":{"line":136,"column":16}},"61":{"start":{"line":138,"column":8},"end":{"line":138,"column":38}},"62":{"start":{"line":139,"column":8},"end":{"line":139,"column":41}},"63":{"start":{"line":140,"column":8},"end":{"line":140,"column":25}},"64":{"start":{"line":147,"column":26},"end":{"line":147,"column":28}},"65":{"start":{"line":148,"column":8},"end":{"line":152,"column":11}},"66":{"start":{"line":149,"column":12},"end":{"line":151,"column":13}},"67":{"start":{"line":150,"column":16},"end":{"line":150,"column":71}},"68":{"start":{"line":153,"column":8},"end":{"line":153,"column":27}},"69":{"start":{"line":156,"column":0},"end":{"line":156,"column":20}}},"fnMap":{"0":{"name":"(anonymous_0)","decl":{"start":{"line":15,"column":4},"end":{"line":15,"column":5}},"loc":{"start":{"line":15,"column":32},"end":{"line":56,"column":5}},"line":15},"1":{"name":"(anonymous_1)","decl":{"start":{"line":28,"column":32},"end":{"line":28,"column":33}},"loc":{"start":{"line":28,"column":43},"end":{"line":41,"column":13}},"line":28},"2":{"name":"(anonymous_2)","decl":{"start":{"line":61,"column":4},"end":{"line":61,"column":5}},"loc":{"start":{"line":61,"column":16},"end":{"line":63,"column":5}},"line":61},"3":{"name":"(anonymous_3)","decl":{"start":{"line":68,"column":4},"end":{"line":68,"column":5}},"loc":{"start":{"line":68,"column":22},"end":{"line":70,"column":5}},"line":68},"4":{"name":"(anonymous_4)","decl":{"start":{"line":75,"column":4},"end":{"line":75,"column":5}},"loc":{"start":{"line":75,"column":16},"end":{"line":77,"column":5}},"line":75},"5":{"name":"(anonymous_5)","decl":{"start":{"line":81,"column":4},"end":{"line":81,"column":5}},"loc":{"start":{"line":81,"column":16},"end":{"line":86,"column":5}},"line":81},"6":{"name":"(anonymous_6)","decl":{"start":{"line":83,"column":28},"end":{"line":83,"column":29}},"loc":{"start":{"line":83,"column":38},"end":{"line":85,"column":9}},"line":83},"7":{"name":"(anonymous_7)","decl":{"start":{"line":91,"column":4},"end":{"line":91,"column":5}},"loc":{"start":{"line":91,"column":32},"end":{"line":93,"column":5}},"line":91},"8":{"name":"(anonymous_8)","decl":{"start":{"line":97,"column":4},"end":{"line":97,"column":5}},"loc":{"start":{"line":97,"column":32},"end":{"line":108,"column":5}},"line":97},"9":{"name":"(anonymous_9)","decl":{"start":{"line":102,"column":28},"end":{"line":102,"column":29}},"loc":{"start":{"line":102,"column":38},"end":{"line":107,"column":9}},"line":102},"10":{"name":"(anonymous_10)","decl":{"start":{"line":113,"column":4},"end":{"line":113,"column":5}},"loc":{"start":{"line":113,"column":16},"end":{"line":115,"column":5}},"line":113},"11":{"name":"(anonymous_11)","decl":{"start":{"line":120,"column":4},"end":{"line":120,"column":5}},"loc":{"start":{"line":120,"column":20},"end":{"line":124,"column":5}},"line":120},"12":{"name":"(anonymous_12)","decl":{"start":{"line":129,"column":4},"end":{"line":129,"column":5}},"loc":{"start":{"line":129,"column":23},"end":{"line":141,"column":5}},"line":129},"13":{"name":"(anonymous_13)","decl":{"start":{"line":132,"column":28},"end":{"line":132,"column":29}},"loc":{"start":{"line":132,"column":38},"end":{"line":137,"column":9}},"line":132},"14":{"name":"(anonymous_14)","decl":{"start":{"line":146,"column":4},"end":{"line":146,"column":5}},"loc":{"start":{"line":146,"column":20},"end":{"line":154,"column":5}},"line":146},"15":{"name":"(anonymous_15)","decl":{"start":{"line":148,"column":28},"end":{"line":148,"column":29}},"loc":{"start":{"line":148,"column":38},"end":{"line":152,"column":9}},"line":148}},"branchMap":{"0":{"loc":{"start":{"line":29,"column":16},"end":{"line":33,"column":17}},"type":"if","locations":[{"start":{"line":29,"column":16},"end":{"line":33,"column":17}},{"start":{"line":29,"column":16},"end":{"line":33,"column":17}}],"line":29},"1":{"loc":{"start":{"line":30,"column":20},"end":{"line":32,"column":21}},"type":"if","locations":[{"start":{"line":30,"column":20},"end":{"line":32,"column":21}},{"start":{"line":30,"column":20},"end":{"line":32,"column":21}}],"line":30},"2":{"loc":{"start":{"line":42,"column":12},"end":{"line":43,"column":24}},"type":"if","locations":[{"start":{"line":42,"column":12},"end":{"line":43,"column":24}},{"start":{"line":42,"column":12},"end":{"line":43,"column":24}}],"line":42},"3":{"loc":{"start":{"line":44,"column":12},"end":{"line":45,"column":24}},"type":"if","locations":[{"start":{"line":44,"column":12},"end":{"line":45,"column":24}},{"start":{"line":44,"column":12},"end":{"line":45,"column":24}}],"line":44},"4":{"loc":{"start":{"line":48,"column":12},"end":{"line":49,"column":54}},"type":"if","locations":[{"start":{"line":48,"column":12},"end":{"line":49,"column":54}},{"start":{"line":48,"column":12},"end":{"line":49,"column":54}}],"line":48},"5":{"loc":{"start":{"line":50,"column":12},"end":{"line":51,"column":83}},"type":"if","locations":[{"start":{"line":50,"column":12},"end":{"line":51,"column":83}},{"start":{"line":50,"column":12},"end":{"line":51,"column":83}}],"line":50},"6":{"loc":{"start":{"line":52,"column":12},"end":{"line":54,"column":13}},"type":"if","locations":[{"start":{"line":52,"column":12},"end":{"line":54,"column":13}},{"start":{"line":52,"column":12},"end":{"line":54,"column":13}}],"line":52},"7":{"loc":{"start":{"line":52,"column":16},"end":{"line":52,"column":36}},"type":"binary-expr","locations":[{"start":{"line":52,"column":16},"end":{"line":52,"column":24}},{"start":{"line":52,"column":28},"end":{"line":52,"column":36}}],"line":52},"8":{"loc":{"start":{"line":133,"column":12},"end":{"line":135,"column":13}},"type":"if","locations":[{"start":{"line":133,"column":12},"end":{"line":135,"column":13}},{"start":{"line":133,"column":12},"end":{"line":135,"column":13}}],"line":133},"9":{"loc":{"start":{"line":149,"column":12},"end":{"line":151,"column":13}},"type":"if","locations":[{"start":{"line":149,"column":12},"end":{"line":151,"column":13}},{"start":{"line":149,"column":12},"end":{"line":151,"column":13}}],"line":149}},"s":{"0":1,"1":1,"2":2,"3":2,"4":2,"5":2,"6":2,"7":2,"8":2,"9":2,"10":2,"11":2,"12":2,"13":2,"14":2,"15":6,"16":6,"17":4,"18":6,"19":6,"20":6,"21":6,"22":6,"23":6,"24":6,"25":2,"26":0,"27":2,"28":0,"29":0,"30":0,"31":0,"32":0,"33":0,"34":0,"35":3,"36":0,"37":4,"38":2,"39":2,"40":5,"41":10,"42":2,"43":2,"44":2,"45":2,"46":2,"47":5,"48":5,"49":5,"50":5,"51":5,"52":1,"53":1,"54":1,"55":1,"56":1,"57":1,"58":3,"59":1,"60":3,"61":1,"62":1,"63":1,"64":2,"65":2,"66":6,"67":4,"68":2,"69":1},"f":{"0":2,"1":6,"2":3,"3":0,"4":4,"5":2,"6":5,"7":10,"8":2,"9":5,"10":5,"11":1,"12":1,"13":3,"14":2,"15":6},"b":{"0":[6,0],"1":[4,2],"2":[0,2],"3":[0,2],"4":[0,0],"5":[0,0],"6":[0,0],"7":[0,0],"8":[1,2],"9":[4,2]},"inputSourceMap":{"version":3,"file":"/home/usuario/ull-esit-inf-dsi-20-21-prct07-menu-datamodel-grupo-q/src/menus/menus.ts","sources":["/home/usuario/ull-esit-inf-dsi-20-21-prct07-menu-datamodel-grupo-q/src/menus/menus.ts"],"names":[],"mappings":";;;AAIA;;;;GAIG;AACH,MAAa,IAAI;IAKf;;;;OAIG;IACH,YAAoB,MAAc,EAAU,MAAgB;QAAxC,WAAM,GAAN,MAAM,CAAQ;QAAU,WAAM,GAAN,MAAM,CAAU;QARpD,WAAM,GAAW,CAAC,CAAC;QACnB,2BAAsB,GAA2B,EAAE,OAAO,EAAE,CAAC,EAAE,QAAQ,EAAE,CAAC,EAAE,SAAS,EAAE,CAAC,EAAE,IAAI,EAAE,CAAC,EAAC,CAAC;QAQzG,IAAI,OAAO,GAAW,EAAE,CAAC;QACzB,IAAI;YACF,IAAI,CAAC,MAAM,GAAG,MAAM,CAAC;YACrB,IAAI,CAAC,MAAM,GAAG,MAAM,CAAC;YACrB,IAAI,QAAQ,GAAW,CAAC,CAAC;YACzB,IAAI,YAAY,GAAW,MAAM,CAAC,CAAC,CAAC,CAAC,YAAY,EAAE,CAAC;YACpD,IAAI,kBAAkB,GAAa,CAAC,CAAC,CAAC,CAAC;YAEvC,IAAI,YAAY,GAA6C,CAAC,CAAC,EAAC,CAAC,EAAC,CAAC,EAAC,CAAC,EAAC,CAAC,CAAC,CAAC;YACzE,IAAI,CAAC,MAAM,CAAC,OAAO,CAAC,CAAC,KAAK,EAAE,EAAE;gBAC5B,IAAI,kBAAkB,CAAC,CAAC,CAAC,IAAI,CAAC,EAAE;oBAC9B,IAAI,YAAY,IAAI,KAAK,CAAC,YAAY,EAAE,EAAC;wBACvC,kBAAkB,CAAC,IAAI,CAAC,CAAC,CAAC,CAAC;qBAC5B;iBACF;gBACD,IAAI,CAAC,sBAAsB,CAAC,OAAO,GAAG,IAAI,CAAC,sBAAsB,CAAC,OAAO,GAAG,KAAK,CAAC,yBAAyB,EAAE,CAAC,OAAO,CAAC;gBACtH,IAAI,CAAC,sBAAsB,CAAC,QAAQ,GAAG,IAAI,CAAC,sBAAsB,CAAC,QAAQ,GAAG,KAAK,CAAC,yBAAyB,EAAE,CAAC,QAAQ,CAAC;gBACzH,IAAI,CAAC,sBAAsB,CAAC,SAAS,GAAG,IAAI,CAAC,sBAAsB,CAAC,SAAS,GAAG,KAAK,CAAC,yBAAyB,EAAE,CAAC,SAAS,CAAC;gBAC5H,IAAI,CAAC,sBAAsB,CAAC,IAAI,GAAG,IAAI,CAAC,sBAAsB,CAAC,IAAI,GAAG,KAAK,CAAC,yBAAyB,EAAE,CAAC,IAAI,CAAC;gBAC7G,IAAI,CAAC,MAAM,GAAG,IAAI,CAAC,MAAM,GAAG,KAAK,CAAC,SAAS,EAAE,CAAC;gBAC9C,QAAQ,EAAE,CAAC;gBACX,YAAY,GAAG,KAAK,CAAC,YAAY,EAAE,CAAC;YACtC,CAAC,CAAC,CAAC;YACH,IAAI,QAAQ,GAAG,CAAC;gBAAE,MAAM,CAAC,CAAC;YAC1B,IAAI,kBAAkB,CAAC,MAAM,GAAG,CAAC;gBAAE,MAAM,CAAC,CAAC;SAC5C;QAED,OAAM,GAAG,EAAE;YAET,IAAI,GAAG,IAAI,CAAC;gBAAE,OAAO,GAAG,2BAA2B,CAAC;YACpD,IAAI,GAAG,IAAI,CAAC;gBAAE,OAAO,GAAG,wDAAwD,CAAC;YAEjF,IAAI,GAAG,IAAI,CAAC,IAAI,GAAG,IAAI,CAAC,EAAE;gBACxB,OAAO,CAAC,KAAK,CAAC,CAAC,IAAI,CAAC,MAAM,EAAE,OAAO,CAAC,CAAC,CAAC;aACvC;SACF;IAEH,CAAC;IAED;;;OAGG;IACI,SAAS;QACd,OAAO,IAAI,CAAC,MAAM,CAAA;IACpB,CAAC;IAED;;;OAGG;IACI,SAAS,CAAC,MAAc;QAC7B,IAAI,CAAC,MAAM,GAAG,MAAM,CAAC;IACvB,CAAC;IAED;;;OAGG;IACI,SAAS;QACd,OAAO,IAAI,CAAC,MAAM,CAAC;IACrB,CAAC;IAED;;OAEG;IACI,SAAS;QAChB,IAAI,CAAC,MAAM,GAAG,CAAC,CAAC;QAEd,IAAI,CAAC,MAAM,CAAC,OAAO,CAAC,CAAC,IAAI,EAAE,EAAE;YAC3B,IAAI,CAAC,MAAM,GAAG,IAAI,CAAC,MAAM,GAAG,IAAI,CAAC,SAAS,EAAE,CAAC;QAC/C,CAAC,CAAC,CAAC;IACL,CAAC;IAED;;;OAGG;IACI,yBAAyB;QAC9B,OAAO,IAAI,CAAC,sBAAsB,CAAC;IACrC,CAAC;IAED;;OAEG;IACI,yBAAyB;QAC9B,IAAI,CAAC,sBAAsB,CAAC,OAAO,GAAG,CAAC,CAAC;QACxC,IAAI,CAAC,sBAAsB,CAAC,QAAQ,GAAG,CAAC,CAAC;QACzC,IAAI,CAAC,sBAAsB,CAAC,SAAS,GAAG,CAAC,CAAC;QAC1C,IAAI,CAAC,sBAAsB,CAAC,IAAI,GAAG,CAAC,CAAC;QAErC,IAAI,CAAC,MAAM,CAAC,OAAO,CAAC,CAAC,IAAI,EAAE,EAAE;YAC3B,IAAI,CAAC,sBAAsB,CAAC,OAAO,GAAG,IAAI,CAAC,sBAAsB,CAAC,OAAO,GAAG,IAAI,CAAC,yBAAyB,EAAE,CAAC,OAAO,CAAC;YACrH,IAAI,CAAC,sBAAsB,CAAC,QAAQ,GAAG,IAAI,CAAC,sBAAsB,CAAC,QAAQ,GAAG,IAAI,CAAC,yBAAyB,EAAE,CAAC,QAAQ,CAAC;YACxH,IAAI,CAAC,sBAAsB,CAAC,SAAS,GAAG,IAAI,CAAC,sBAAsB,CAAC,SAAS,GAAG,IAAI,CAAC,yBAAyB,EAAE,CAAC,SAAS,CAAC;YAC3H,IAAI,CAAC,sBAAsB,CAAC,IAAI,GAAG,IAAI,CAAC,sBAAsB,CAAC,IAAI,GAAG,IAAI,CAAC,yBAAyB,EAAE,CAAC,IAAI,CAAC;QAE9G,CAAC,CAAC,CAAC;IACL,CAAC;IAED;;;OAGG;IACM,SAAS;QAChB,OAAO,IAAI,CAAC,MAAM,CAAC;IACrB,CAAC;IAED;;;OAGG;IACI,QAAQ,CAAC,KAAa;QAC3B,IAAI,CAAC,MAAM,CAAC,IAAI,CAAC,KAAK,CAAC,CAAC;QACxB,IAAI,CAAC,yBAAyB,EAAE,CAAC;QACjC,IAAI,CAAC,SAAS,EAAE,CAAC;IACnB,CAAC;IAED;;;OAGG;IACI,WAAW,CAAC,KAAa;QAC9B,IAAI,CAAC,GAAW,CAAC,CAAC;QAClB,IAAI,MAAM,GAAW,CAAC,CAAC;QACvB,IAAI,CAAC,MAAM,CAAC,OAAO,CAAC,CAAC,IAAI,EAAE,EAAE;YAC3B,IAAI,IAAI,IAAI,KAAK,EAAE;gBACjB,MAAM,GAAG,CAAC,CAAC;aACZ;YACD,CAAC,EAAE,CAAC;QACN,CAAC,CAAC,CAAC;QAEH,IAAI,CAAC,MAAM,CAAC,MAAM,CAAC,MAAM,EAAE,CAAC,CAAC,CAAC;QAC9B,IAAI,CAAC,yBAAyB,EAAE,CAAC;QACjC,IAAI,CAAC,SAAS,EAAE,CAAC;IACnB,CAAC;IAED;;;OAGG;IACI,aAAa;QAClB,IAAI,WAAW,GAAa,EAAE,CAAC;QAC/B,IAAI,CAAC,MAAM,CAAC,OAAO,CAAC,CAAC,IAAI,EAAE,EAAE;YAC3B,IAAI,WAAW,CAAC,OAAO,CAAC,IAAI,CAAC,oBAAoB,EAAE,CAAC,QAAQ,CAAC,IAAI,CAAC,CAAC,EAAE;gBACnE,WAAW,CAAC,IAAI,CAAC,IAAI,CAAC,oBAAoB,EAAE,CAAC,QAAQ,CAAC,CAAC;aACxD;QACH,CAAC,CAAC,CAAC;QAEH,OAAO,WAAW,CAAC;IACrB,CAAC;CACF;AAlKD,oBAkKC","sourcesContent":["import { Platos } from \"../platos/platos\"\nimport { ComposicionNutricional, GrupoAlimenticio } from \"../ingredientes/tiposDefinidos\"\nimport { MenuI } from \"./interfazMenu\";\n\n/**\n * Clase Menu. Permite instanciar objetos de tipo menu. Las propiedades que\
[...]
  /**\n   * Método getter para obtener los platos.\n   * @returns Se retorna los platos del menu\n   */\n    public getPlatos() {\n    return this.platos;\n  }\n\n  /**\n   * Método para añadir un plato nuevo.\n   * @param ingrediente Plato que queremos añadir.\n   */\n  public addPlato(plato: Platos) {\n    this.platos.push(plato);\n    this.setComposicionNutricional();\n    this.setPrecio();\n  }\n\n  /**\n   * Método para eliminar un plato de nuestro menú\n   * @param plato Plato que queremos eliminar.\n   */\n  public removePlato(plato: Platos) {\n    let i: number = 0;\n    let indice: number = 0;\n    this.platos.forEach((item) => {\n      if (item == plato) {\n        indice = i;\n      }\n      i++;\n    });\n\n    this.platos.splice(indice, 1);\n    this.setComposicionNutricional();\n    this.setPrecio();\n  }\n  \n  /**\n   * Método para obtener el listado de los grupos alimenticios que tiene el menu\n   * @return El listado de grupo alimenticios.\n   */\n  public listadoGrupos() {\n    let listaGrupos: number[] = [];\n    this.platos.forEach((item) => {\n      if (listaGrupos.indexOf(item.getGrupoPredominante().numGrupo) == -1) {\n        listaGrupos.push(item.getGrupoPredominante().numGrupo);\n      }\n    });\n\n    return listaGrupos;\n  }\n}"]},"_coverageSchema":"1a1c01bbd47fc00a2c39e90264f33305004495a9","hash":"882e7a73b1964eba7294fc0ea13a1bec3fa2fdef","contentHash":"27ea77cfe2fe7d672fed3a9a5763eb75f65bf546756e1fb577bcaacb524dfc10"},"/home/usuario/ull-esit-inf-dsi-20-21-prct07-menu-datamodel-grupo-q/src/ingredientes/printIngredientes.ts":{"path":"/home/usuario/ull-esit-inf-dsi-20-21-prct07-menu-datamodel-grupo-q/src/ingredientes/printIngredientes.ts","statementMap":{"0":{"start":{"line":2,"column":0},"end":{"line":2,"column":62}},"1":{"start":{"line":3,"column":0},"end":{"line":3,"column":36}},"2":{"start":{"line":9,"column":8},"end":{"line":9,"column":39}},"3":{"start":{"line":15,"column":8},"end":{"line":15,"column":681}},"4":{"start":{"line":22,"column":8},"end":{"line":22,"column":32}},"5":{"start":{"line":29,"column":8},"end":{"line":29,"column":40}},"6":{"start":{"line":32,"column":0},"end":{"line":32,"column":48}}},"fnMap":{"0":{"name":"(anonymous_0)","decl":{"start":{"line":8,"column":4},"end":{"line":8,"column":5}},"loc":{"start":{"line":8,"column":29},"end":{"line":10,"column":5}},"line":8},"1":{"name":"(anonymous_1)","decl":{"start":{"line":14,"column":4},"end":{"line":14,"column":5}},"loc":{"start":{"line":14,"column":12},"end":{"line":16,"column":5}},"line":14},"2":{"name":"(anonymous_2)","decl":{"start":{"line":21,"column":4},"end":{"line":21,"column":5}},"loc":{"start":{"line":21,"column":21},"end":{"line":23,"column":5}},"line":21},"3":{"name":"(anonymous_3)","decl":{"start":{"line":28,"column":4},"end":{"line":28,"column":5}},"loc":{"start":{"line":28,"column":33},"end":{"line":30,"column":5}},"line":28}},"branchMap":{},"s":{"0":1,"1":1,"2":1,"3":1,"4":0,"5":0,"6":1},"f":{"0":1,"1":1,"2":0,"3":0},"b":{},"inputSourceMap":{"version":3,"file":"/home/usuario/ull-esit-inf-dsi-20-21-prct07-menu-datamodel-grupo-q/src/ingredientes/printIngredientes.ts","sources":["/home/usuario/ull-esit-inf-dsi-20-21-prct07-menu-datamodel-grupo-q/src/ingredientes/printIngredientes.ts"],"names":[],"mappings":";;;AACA;;GAEG;AACH,MAAa,kBAAkB;IAC7B,YAAoB,WAAwB;QAAxB,gBAAW,GAAX,WAAW,CAAa;IAAG,CAAC;IAEhD;;OAEG;IACH,KAAK;QACH,OAAO,CAAC,GAAG,CAAC,WAAW,IAAI,CAAC,WAAW,CAAC,SAAS,EAAE,6BAA6B,IAAI,CAAC,WAAW,CAAC,mBAAmB,EAAE,CAAC,KAAK,oDAAoD,IAAI,CAAC,WAAW,CAAC,yBAAyB,EAAE,CAAC,IAAI,2BAA2B,IAAI,CAAC,WAAW,CAAC,yBAAyB,EAAE,CAAC,SAAS,wBAAwB,IAAI,CAAC,WAAW,CAAC,yBAAyB,EAAE,CAAC,OAAO,qCAAqC,IAAI,CAAC,WAAW,CAAC,yBAAyB,EAAE,CAAC,QAAQ,2CAA2C,IAAI,CAAC,WAAW,CAAC,eAAe,EAAE,CAAC,MAAM,sBAAsB,IAAI,CAAC,WAAW,CAAC,eAAe,EAAE,CAAC,IAAI,mBAAmB,IAAI,CAAC,WAAW,CAAC,SAAS,EAAE,OAAO,CAAC,CAAC;IACnqB,CAAC;IAED;;;OAGG;IACH,cAAc;QACZ,OAAO,IAAI,CAAC,WAAW,CAAC;IAC1B,CAAC;IAED;;;OAGG;IACH,cAAc,CAAC,YAAyB;QACtC,IAAI,CAAC,WAAW,GAAG,YAAY,CAAC;IAClC,CAAC;CACF;AAzBD,gDAyBC","sourcesContent":["import { Ingrediente } from \"./ingredientes\";\n/**\n * Clase para mostrar por pantalla el contenido del ingrediente\n */\nexport class IngredientePrinter {\n  constructor(private ingrediente: Ingrediente) {}\n\n  /**\n   * Metodo para mostrar pon pantalla el ingrediente\n   */\n  print() {\n    console.log(`Nombre: ${this.ingrediente.getNombre()},\\n    Grupo alimenticio: ${this.ingrediente.getGrupoAlimenticio().grupo}, \\n    Composición nutriconal: \\n        Kcal = ${this.ingrediente.getComposicionNutricional().kCal}, \\n        Proteinas = ${this.ingrediente.getComposicionNutricional().proteinas},\\n        Lipidos = ${this.ingrediente.getComposicionNutricional().lipidos}, \\n        Hidratos de Carbono = ${this.ingrediente.getComposicionNutricional().hCarbono},\\n    Localización: \\n        Ciudad = ${this.ingrediente.getLocalizacion().ciudad}, \\n        Pais = ${this.ingrediente.getLocalizacion().pais}, \\n    Precio: ${this.ingrediente.getPrecio()} €/kg`);\n  }\n\n  /**\n   * Metodo para obtener el ingrediente a imprimir\n   * @returns el ingrediente a imprimir\n   */\n  getIngrediente() {\n    return this.ingrediente;\n  }\n\n  /**\n   * Metodo para establecer el nuevo ingrediente a imprimir\n   * @param ingredientess ingrediente a imprimir\n   */\n  setIngrediente(ingredientes: Ingrediente) {\n    this.ingrediente = ingredientes;\n  }\n}"]},"_coverageSchema":"1a1c01bbd47fc00a2c39e90264f33305004495a9","hash":"81d84bdd3d9321b139d5fe3183cb3f337c0793d5","contentHash":"e366c159657dde222aa749f78c3d0ab7b950b71759f58684b335644afa3d68f1"},"/home/usuario/ull-esit-inf-dsi-20-21-prct07-menu-datamodel-grupo-q/src/menus/printMenu.ts":{"path":"/home/usuario/ull-esit-inf-dsi-20-21-prct07-menu-datamodel-grupo-q/src/menus/printMenu.ts","statementMap":{"0":{"start":{"line":2,"column":0},"end":{"line":2,"column":62}},"1":{"start":{"line":3,"column":0},"end":{"line":3,"column":29}},"2":{"start":{"line":9,"column":8},"end":{"line":9,"column":25}},"3":{"start":{"line":10,"column":8},"end":{"line":10,"column":25}},"4":{"start":{"line":16,"column":8},"end":{"line":16,"column":71}},"5":{"start":{"line":17,"column":23},"end":{"line":17,"column":39}},"6":{"start":{"line":18,"column":8},"end":{"line":27,"column":11}},"7":{"start":{"line":19,"column":12},"end":{"line":20,"column":51}},"8":{"start":{"line":20,"column":16},"end":{"line":20,"column":51}},"9":{"start":{"line":21,"column":12},"end":{"line":22,"column":51}},"10":{"start":{"line":22,"column":16},"end":{"line":22,"column":51}},"11":{"start":{"line":23,"column":12},"end":{"line":24,"column":51}},"12":{"start":{"line":24,"column":16},"end":{"line":24,"column":51}},"13":{"start":{"line":25,"column":12},"end":{"line":26,"column":51}},"14":{"start":{"line":26,"column":16},"end":{"line":26,"column":51}},"15":{"start":{"line":28,"column":8},"end":{"line":28,"column":40}},"16":{"start":{"line":29,"column":8},"end":{"line":29,"column":81}},"17":{"start":{"line":29,"column":40},"end":{"line":29,"column":77}},"18":{"start":{"line":30,"column":8},"end":{"line":30,"column":44}},"19":{"start":{"line":31,"column":8},"end":{"line":31,"column":81}},"20":{"start":{"line":31,"column":40},"end":{"line":31,"column":77}},"21":{"start":{"line":32,"column":8},"end":{"line":32,"column":45}},"22":{"start":{"line":33,"column":8},"end":{"line":33,"column":81}},"23":{"start":{"line":33,"column":40},"end":{"line":33,"column":77}},"24":{"start":{"line":34,"column":8},"end":{"line":34,"column":39}},"25":{"start":{"line":35,"column":8},"end":{"line":35,"column":85}},"26":{"start":{"line":35,"column":40},"end":{"line":35,"column":81}},"27":{"start":{"line":36,"column":8},"end":{"line":36,"column":436}},"28":{"start":{"line":43,"column":8},"end":{"line":43,"column":25}},"29":{"start":{"line":50,"column":8},"end":{"line":50,"column":26}},"30":{"start":{"line":53,"column":0},"end":{"line":53,"column":34}}},"fnMap":{"0":{"name":"(anonymous_0)","decl":{"start":{"line":8,"column":4},"end":{"line":8,"column":5}},"loc":{"start":{"line":8,"column":22},"end":{"line":11,"column":5}},"line":8},"1":{"name":"(anonymous_1)","decl":{"start":{"line":15,"column":4},"end":{"line":15,"column":5}},"loc":{"start":{"line":15,"column":12},"end":{"line":37,"column":5}},"line":15},"2":{"name":"(anonymous_2)","decl":{"start":{"line":18,"column":38},"end":{"line":18,"column":39}},"loc":{"start":{"line":18,"column":48},"end":{"line":27,"column":9}},"line":18},"3":{"name":"(anonymous_3)","decl":{"start":{"line":29,"column":28},"end":{"line":29,"column":29}},"loc":{"start":{"line":29,"column":38},"end":{"line":29,"column":79}},"line":29},"4":{"name":"(anonymous_4)","decl":{"start":{"line":31,"column":28},"end":{"line":31,"column":29}},"loc":{"start":{"line":31,"column":38},"end":{"line":31,"column":79}},"line":31},"5":{"name":"(anonymous_5)","decl":{"start":{"line":33,"column":28},"end":{"line":33,"column":29}},"loc":{"start":{"line":33,"column":38},"end":{"line":33,"column":79}},"line":33},"6":{"name":"(anonymous_6)","decl":{"start":{"line":35,"column":28},"end":{"line":35,"column":29}},"loc":{"start":{"line":35,"column":38},"end":{"line":35,"column":83}},"line":35},"7":{"name":"(anonymous_7)","decl":{"start":{"line":42,"column":4},"end":{"line":42,"column":5}},"loc":{"start":{"line":42,"column":14},"end":{"line":44,"column":5}},"line":42},"8":{"name":"(anonymous_8)","decl":{"start":{"line":49,"column":4},"end":{"line":49,"column":5}},"loc":{"start":{"line":49,"column":19},"end":{"line":51,"column":5}},"line":49}},"branchMap":{"0":{"loc":{"start":{"line":19,"column":12},"end":{"line":20,"column":51}},"type":"if","locations":[{"start":{"line":19,"column":12},"end":{"line":20,"column":51}},{"start":{"line":19,"column":12},"end":{"line":20,"column":51}}],"line":19},"1":{"loc":{"start":{"line":21,"column":12},"end":{"line":22,"column":51}},"type":"if","locations":[{"start":{"line":21,"column":12},"end":{"line":22,"column":51}},{"start":{"line":21,"column":12},"end":{"line":22,"column":51}}],"line":21},"2":{"loc":{"start":{"line":23,"column":12},"end":{"line":24,"column":51}},"type":"if","locations":[{"start":{"line":23,"column":12},"end":{"line":24,"column":51}},{"start":{"line":23,"column":12},"end":{"line":24,"column":51}}],"line":23},"3":{"loc":{"start":{"line":25,"column":12},"end":{"line":26,"column":51}},"type":"if","locations":[{"start":{"line":25,"column":12},"end":{"line":26,"column":51}},{"start":{"line":25,"column":12},"end":{"line":26,"column":51}}],"line":25}},"s":{"0":1,"1":1,"2":1,"3":1,"4":1,"5":1,"6":1,"7":3,"8":1,"9":3,"10":0,"11":3,"12":1,"13":3,"14":1,"15":1,"16":1,"17":1,"18":1,"19":1,"20":0,"21":1,"22":1,"23":1,"24":1,"25":1,"26":1,"27":1,"28":0,"29":0,"30":1},"f":{"0":1,"1":1,"2":3,"3":1,"4":0,"5":1,"6":1,"7":0,"8":0},"b":{"0":[1,2],"1":[0,3],"2":[1,2],"3":[1,2]},"inputSourceMap":{"version":3,"file":"/home/usuario/ull-esit-inf-dsi-20-21-prct07-menu-datamodel-grupo-q/src/menus/printMenu.ts","sources":["/home/usuario/ull-esit-inf-dsi-20-21-prct07-menu-datamodel-grupo-q/src/menus/printMenu.ts"],"names":[],"mappings":";;;AAEA;;GAEG;AACH,MAAa,WAAW;IACtB,YAAoB,IAAU;QAAV,SAAI,GAAJ,IAAI,CAAM;QAC5B,IAAI,CAAC,IAAI,GAAG,IAAI,CAAC;IACnB,CAAC;IAED;;OAEG;IACH,KAAK;QACH,OAAO,CAAC,GAAG,CAAC,WAAW,IAAI,CAAC,IAAI,CAAC,SAAS,EAAE,iBAAiB,CAAC,CAAC;QAC/D,IAAI,QAAQ,GAA6C,CAAC,EAAE,EAAE,EAAE,EAAE,EAAE,EAAE,EAAE,CAAC,CAAC;QAC1E,IAAI,CAAC,IAAI,CAAC,SAAS,EAAE,CAAC,OAAO,CAAC,CAAC,IAAI,EAAE,EAAE;YACnC,IAAI,IAAI,CAAC,YAAY,EAAE,IAAI,UAAU;gBAAE,QAAQ,CAAC,CAAC,CAAC,CAAC,IAAI,CAAC,IAAI,CAAC,SAAS,EAAE,CAAC,CAAC;YAC1E,IAAI,IAAI,CAAC,YAAY,EAAE,IAAI,cAAc;gBAAE,QAAQ,CAAC,CAAC,CAAC,CAAC,IAAI,CAAC,IAAI,CAAC,SAAS,EAAE,CAAC,CAAC;YAC9E,IAAI,IAAI,CAAC,YAAY,EAAE,IAAI,eAAe;gBAAE,QAAQ,CAAC,CAAC,CAAC,CAAC,IAAI,CAAC,IAAI,CAAC,SAAS,EAAE,CAAC,CAAC;YAC/E,IAAI,IAAI,CAAC,YAAY,EAAE,IAAI,QAAQ;gBAAE,QAAQ,CAAC,CAAC,CAAC,CAAC,IAAI,CAAC,IAAI,CAAC,SAAS,EAAE,CAAC,CAAC;QAC5E,CAAC,CAAC,CAAC;QACD,OAAO,CAAC,GAAG,CAAC,kBAAkB,CAAC,CAAA;QAC/B,QAAQ,CAAC,CAAC,CAAC,CAAC,OAAO,CAAC,CAAC,IAAI,EAAE,EAAE,GAAG,OAAO,CAAC,GAAG,CAAC,iBAAiB,IAAI,EAAE,CAAC,CAAA,CAAA,CAAC,CAAC,CAAC;QACvE,OAAO,CAAC,GAAG,CAAC,sBAAsB,CAAC,CAAA;QACnC,QAAQ,CAAC,CAAC,CAAC,CAAC,OAAO,CAAC,CAAC,IAAI,EAAE,EAAE,GAAG,OAAO,CAAC,GAAG,CAAC,iBAAiB,IAAI,EAAE,CAAC,CAAA,CAAA,CAAC,CAAC,CAAC;QACvE,OAAO,CAAC,GAAG,CAAC,uBAAuB,CAAC,CAAA;QACpC,QAAQ,CAAC,CAAC,CAAC,CAAC,OAAO,CAAC,CAAC,IAAI,EAAE,EAAE,GAAG,OAAO,CAAC,GAAG,CAAC,iBAAiB,IAAI,EAAE,CAAC,CAAA,CAAA,CAAC,CAAC,CAAC;QACvE,OAAO,CAAC,GAAG,CAAC,iBAAiB,CAAC,CAAA;QAC9B,QAAQ,CAAC,CAAC,CAAC,CAAC,OAAO,CAAC,CAAC,IAAI,EAAE,EAAE,GAAG,OAAO,CAAC,GAAG,CAAC,iBAAiB,IAAI,MAAM,CAAC,CAAA,CAAA,CAAC,CAAC,CAAC;QAC7E,OAAO,CAAC,GAAG,CAAC,gDAAgD,IAAI,CAAC,IAAI,CAAC,yBAAyB,EAAE,CAAC,IAAI,2BAA2B,IAAI,CAAC,IAAI,CAAC,yBAAyB,EAAE,CAAC,SAAS,wBAAwB,IAAI,CAAC,IAAI,CAAC,yBAAyB,EAAE,CAAC,OAAO,qCAAqC,IAAI,CAAC,IAAI,CAAC,yBAAyB,EAAE,CAAC,QAAQ,6BAA6B,IAAI,CAAC,IAAI,CAAC,aAAa,EAAE,mBAAmB,IAAI,CAAC,IAAI,CAAC,SAAS,EAAE,IAAI,CAAC,CAAC;IAC9a,CAAC;IAED;;;OAGG;IACH,OAAO;QACL,OAAO,IAAI,CAAC,IAAI,CAAC;IACnB,CAAC;IAED;;;OAGG;IACH,OAAO,CAAC,KAAW;QACjB,IAAI,CAAC,IAAI,GAAG,KAAK,CAAC;IACpB,CAAC;CACF;AA3CD,kCA2CC","sourcesContent":["import { Menu } from \"./menus\";\n\n/**\n * Clase para mostrar por pantalla el contenido del menú\n */\nexport class MenuPrinter {\n  constructor(private menu: Menu) {\n    this.menu = menu;\n  }\n\n  /**\n   * Metodo para mostrar pon pantalla el menu\n   */\n  print() {\n    console.log(`Nombre: ${this.menu.getNombre()}, \\n    Platos:`);\n    let auxiliar: [string[], string[], string[], string[]] = [[], [], [], []];\n    this.menu.getPlatos().forEach((item) => {\n        if (item.getCategoria() == \"Entrante\") auxiliar[0].push(item.getNombre());\n        if (item.getCategoria() == \"Primer plato\") auxiliar[1].push(item.getNombre());\n        if (item.getCategoria() == \"Segundo plato\") auxiliar[2].push(item.getNombre());\n        if (item.getCategoria() == \"Postre\") auxiliar[3].push(item.getNombre());\n    });\n      console.log(`       Entrante:`)\n      auxiliar[0].forEach((item) => { console.log(`            ● ${item}`)});\n      console.log(`       Primer plato:`)\n      auxiliar[1].forEach((item) => { console.log(`            ● ${item}`)});\n      console.log(`       Segundo plato:`)\n      auxiliar[2].forEach((item) => { console.log(`            ● ${item}`)});\n      console.log(`       Postres:`)\n      auxiliar[3].forEach((item) => { console.log(`            ● ${item}\\n\\n`)});\n    console.log(`    Composición nutriconal: \\n        Kcal = ${this.menu.getComposicionNutricional().kCal}, \\n        Proteinas = ${this.menu.getComposicionNutricional().proteinas},\\n        Lipidos = ${this.menu.getComposicionNutricional().lipidos}, \\n        Hidratos de Carbono = ${this.menu.getComposicionNutricional().hCarbono},\\n    Grupo alimenticio: ${this.menu.listadoGrupos()}, \\n    Precio: ${this.menu.getPrecio()} €`);\n  }\n\n  /**\n   * Metodo para obtener el menu a imprimir\n   * @returns el menu a imprimir\n   */\n  getMenu() {\n    return this.menu;\n  }\n\n  /**\n   * Metodo para establecer el nuevo menu a imprimir\n   * @param menus Menu a imprimir\n   */\n  setMenu(menus: Menu) {\n    this.menu = menus;\n  }\n}"]},"_coverageSchema":"1a1c01bbd47fc00a2c39e90264f33305004495a9","hash":"64b4ad77d6ad1362beaf4b59f791b16979c0d1c7","contentHash":"a135911e624a97a4bd6c3db81c4c495f29144108312a4626e47e71cda55234c5"},"/home/usuario/ull-esit-inf-dsi-20-21-prct07-menu-datamodel-grupo-q/src/platos/printPlato.ts":{"path":"/home/usuario/ull-esit-inf-dsi-20-21-prct07-menu-datamodel-grupo-q/src/platos/printPlato.ts","statementMap":{"0":{"start":{"line":2,"column":0},"end":{"line":2,"column":62}},"1":{"start":{"line":3,"column":0},"end":{"line":3,"column":30}},"2":{"start":{"line":9,"column":8},"end":{"line":9,"column":27}},"3":{"start":{"line":10,"column":8},"end":{"line":10,"column":27}},"4":{"start":{"line":16,"column":8},"end":{"line":16,"column":78}},"5":{"start":{"line":17,"column":8},"end":{"line":19,"column":11}},"6":{"start":{"line":18,"column":12},"end":{"line":18,"column":78}},"7":{"start":{"line":20,"column":8},"end":{"line":20,"column":455}},"8":{"start":{"line":27,"column":8},"end":{"line":27,"column":26}},"9":{"start":{"line":34,"column":8},"end":{"line":34,"column":28}},"10":{"start":{"line":37,"column":0},"end":{"line":37,"column":36}}},"fnMap":{"0":{"name":"(anonymous_0)","decl":{"start":{"line":8,"column":4},"end":{"line":8,"column":5}},"loc":{"start":{"line":8,"column":23},"end":{"line":11,"column":5}},"line":8},"1":{"name":"(anonymous_1)","decl":{"start":{"line":15,"column":4},"end":{"line":15,"column":5}},"loc":{"start":{"line":15,"column":12},"end":{"line":21,"column":5}},"line":15},"2":{"name":"(anonymous_2)","decl":{"start":{"line":17,"column":45},"end":{"line":17,"column":46}},"loc":{"start":{"line":17,"column":55},"end":{"line":19,"column":9}},"line":17},"3":{"name":"(anonymous_3)","decl":{"start":{"line":26,"column":4},"end":{"line":26,"column":5}},"loc":{"start":{"line":26,"column":15},"end":{"line":28,"column":5}},"line":26},"4":{"name":"(anonymous_4)","decl":{"start":{"line":33,"column":4},"end":{"line":33,"column":5}},"loc":{"start":{"line":33,"column":21},"end":{"line":35,"column":5}},"line":33}},"branchMap":{},"s":{"0":1,"1":1,"2":1,"3":1,"4":1,"5":1,"6":5,"7":1,"8":0,"9":0,"10":1},"f":{"0":1,"1":1,"2":5,"3":0,"4":0},"b":{},"inputSourceMap":{"version":3,"file":"/home/usuario/ull-esit-inf-dsi-20-21-prct07-menu-datamodel-grupo-q/src/platos/printPlato.ts","sources":["/home/usuario/ull-esit-inf-dsi-20-21-prct07-menu-datamodel-grupo-q/src/platos/printPlato.ts"],"names":[],"mappings":";;;AACA;;GAEG;AACH,MAAa,YAAY;IACvB,YAAoB,KAAa;QAAb,UAAK,GAAL,KAAK,CAAQ;QAC/B,IAAI,CAAC,KAAK,GAAG,KAAK,CAAC;IACrB,CAAC;IAED;;OAEG;IACH,KAAK;QAEH,OAAO,CAAC,GAAG,CAAC,WAAW,IAAI,CAAC,KAAK,CAAC,SAAS,EAAE,uBAAuB,CAAC,CAAC;QACtE,IAAI,CAAC,KAAK,CAAC,eAAe,EAAE,CAAC,OAAO,CAAC,CAAC,IAAI,EAAE,EAAE;YAC5C,OAAO,CAAC,GAAG,CAAC,WAAW,IAAI,CAAC,CAAC,CAAC,CAAC,SAAS,EAAE,MAAM,IAAI,CAAC,CAAC,CAAC,SAAS,CAAC,CAAC;QACpE,CAAC,CAAC,CAAC;QACH,OAAO,CAAC,GAAG,CAAC,gDAAgD,IAAI,CAAC,KAAK,CAAC,yBAAyB,EAAE,CAAC,IAAI,2BAA2B,IAAI,CAAC,KAAK,CAAC,yBAAyB,EAAE,CAAC,SAAS,wBAAwB,IAAI,CAAC,KAAK,CAAC,yBAAyB,EAAE,CAAC,OAAO,qCAAqC,IAAI,CAAC,KAAK,CAAC,yBAAyB,EAAE,CAAC,QAAQ,6BAA6B,IAAI,CAAC,KAAK,CAAC,oBAAoB,EAAE,CAAC,KAAK,mBAAmB,IAAI,CAAC,KAAK,CAAC,SAAS,EAAE,IAAI,CAAC,CAAC;IACjc,CAAC;IAED;;;OAGG;IACH,QAAQ;QACN,OAAO,IAAI,CAAC,KAAK,CAAC;IACpB,CAAC;IAED;;;OAGG;IACH,QAAQ,CAAC,MAAc;QACrB,IAAI,CAAC,KAAK,GAAG,MAAM,CAAC;IACtB,CAAC;CACF;AAhCD,oCAgCC","sourcesContent":["import { Platos } from \"./platos\";\n/**\n * Clase para mostrar por pantalla el contenido del plato\n */\nexport class PlatoPrinter {\n  constructor(private plato: Platos) {\n    this.plato = plato;\n  }\n\n  /**\n   * Metodo para mostrar pon pantalla el plato\n   */\n  print() {\n    \n    console.log(`Nombre: ${this.plato.getNombre()}, \\n    Ingredientes:`);\n    this.plato.getIngredientes().forEach((item) => {\n      console.log(`        ${item[0].getNombre()}\\t ${item[1]} gramos`);\n    });\n    console.log(`    Composición nutriconal: \\n        Kcal = ${this.plato.getComposicionNutricional().kCal}, \\n        Proteinas = ${this.plato.getComposicionNutricional().proteinas},\\n        Lipidos = ${this.plato.getComposicionNutricional().lipidos}, \\n        Hidratos de Carbono = ${this.plato.getComposicionNutricional().hCarbono},\\n    Grupo alimenticio: ${this.plato.getGrupoPredominante().grupo}, \\n    Precio: ${this.plato.getPrecio()} €`);\n  }\n\n  /**\n   * Metodo para obtener el plato a imprimir\n   * @returns el plato a imprimir\n   */\n  getPlato() {\n    return this.plato;\n  }\n\n  /**\n   * Metodo para establecer el nuevo plato a imprimir\n   * @param platos plato a imprimir\n   */\n  setPlato(platos: Platos) {\n    this.plato = platos;\n  }\n}"]},"_coverageSchema":"1a1c01bbd47fc00a2c39e90264f33305004495a9","hash":"62755fc75729881dcb631d07774c4439d8aae6f3","contentHash":"69d60b4d83776a90b1c82edb469ebac8dcb276ea74595afda8b74656b15a5ffb"}}