TN:
SF:src/carta/carta.ts
FN:18,(anonymous_0)
FN:24,(anonymous_1)
FN:32,(anonymous_2)
FN:40,(anonymous_3)
FN:49,(anonymous_4)
FN:57,(anonymous_5)
FN:64,(anonymous_6)
FNF:7
FNH:7
FNDA:1,(anonymous_0)
FNDA:4,(anonymous_1)
FNDA:1,(anonymous_2)
FNDA:1,(anonymous_3)
FNDA:4,(anonymous_4)
FNDA:1,(anonymous_5)
FNDA:1,(anonymous_6)
DA:10,1
DA:18,1
DA:25,4
DA:33,1
DA:41,1
DA:42,1
DA:50,4
DA:58,1
DA:65,1
DA:66,1
LF:10
LH:10
BRF:0
BRH:0
end_of_record
TN:
SF:src/carta/printCarta.ts
FN:7,(anonymous_0)
FN:14,(anonymous_1)
FN:17,(anonymous_2)
FN:18,(anonymous_3)
FN:27,(anonymous_4)
FN:29,(anonymous_5)
FN:31,(anonymous_6)
FN:33,(anonymous_7)
FN:39,(anonymous_8)
FN:47,(anonymous_9)
FN:49,(anonymous_10)
FN:51,(anonymous_11)
FN:53,(anonymous_12)
FN:60,(anonymous_13)
FN:68,(anonymous_14)
FNF:15
FNH:11
FNDA:1,(anonymous_0)
FNDA:1,(anonymous_1)
FNDA:1,(anonymous_2)
FNDA:3,(anonymous_3)
FNDA:1,(anonymous_4)
FNDA:0,(anonymous_5)
FNDA:1,(anonymous_6)
FNDA:1,(anonymous_7)
FNDA:3,(anonymous_8)
FNDA:1,(anonymous_9)
FNDA:0,(anonymous_10)
FNDA:1,(anonymous_11)
FNDA:1,(anonymous_12)
FNDA:0,(anonymous_13)
FNDA:0,(anonymous_14)
DA:6,1
DA:7,1
DA:8,1
DA:15,1
DA:16,1
DA:17,1
DA:18,1
DA:19,3
DA:20,3
DA:21,3
DA:22,3
DA:25,1
DA:26,1
DA:27,1
DA:28,1
DA:29,1
DA:30,1
DA:31,1
DA:32,1
DA:33,1
DA:36,1
DA:38,1
DA:39,1
DA:40,3
DA:41,3
DA:42,3
DA:43,3
DA:46,1
DA:47,1
DA:48,1
DA:49,1
DA:50,1
DA:51,1
DA:52,1
DA:53,1
DA:61,0
DA:69,0
LF:37
LH:35
BRDA:19,0,0,1
BRDA:19,0,1,2
BRDA:20,1,0,0
BRDA:20,1,1,3
BRDA:21,2,0,1
BRDA:21,2,1,2
BRDA:22,3,0,1
BRDA:22,3,1,2
BRDA:40,4,0,1
BRDA:40,4,1,2
BRDA:41,5,0,0
BRDA:41,5,1,3
BRDA:42,6,0,1
BRDA:42,6,1,2
BRDA:43,7,0,1
BRDA:43,7,1,2
BRF:16
BRH:14
end_of_record
TN:
SF:src/ingredientes/gruposAlimentos.ts
FN:21,(anonymous_0)
FN:31,(anonymous_1)
FN:42,(anonymous_2)
FNF:3
FNH:3
FNDA:27,(anonymous_0)
FNDA:182,(anonymous_1)
FNDA:37,(anonymous_2)
DA:9,1
DA:14,27
DA:23,27
DA:33,182
DA:44,37
DA:48,8
DA:50,8
DA:54,22
DA:56,22
DA:60,3
DA:62,3
DA:66,4
DA:68,4
DA:72,0
DA:74,0
LF:15
LH:13
BRDA:46,0,0,8
BRDA:46,0,1,22
BRDA:46,0,2,3
BRDA:46,0,3,4
BRDA:46,0,4,0
BRF:5
BRH:4
end_of_record
TN:
SF:src/ingredientes/ingredientes.ts
FN:29,(anonymous_0)
FN:43,(anonymous_1)
FN:53,(anonymous_2)
FN:63,(anonymous_3)
FN:73,(anonymous_4)
FN:83,(anonymous_5)
FN:93,(anonymous_6)
FN:103,(anonymous_7)
FN:114,(anonymous_8)
FN:124,(anonymous_9)
FN:134,(anonymous_10)
FNF:11
FNH:11
FNDA:27,(anonymous_0)
FNDA:8,(anonymous_1)
FNDA:182,(anonymous_2)
FNDA:142,(anonymous_3)
FNDA:4,(anonymous_4)
FNDA:37,(anonymous_5)
FNDA:1,(anonymous_6)
FNDA:10,(anonymous_7)
FNDA:1,(anonymous_8)
FNDA:1,(anonymous_9)
FNDA:1,(anonymous_10)
DA:2,1
DA:13,1
DA:31,27
DA:32,27
DA:33,27
DA:34,27
DA:35,27
DA:45,8
DA:55,182
DA:65,142
DA:75,4
DA:85,37
DA:95,1
DA:105,10
DA:116,1
DA:126,1
DA:136,1
LF:17
LH:17
BRF:0
BRH:0
end_of_record
TN:
SF:src/ingredientes/printIngredientes.ts
FN:6,(anonymous_0)
FN:11,(anonymous_1)
FN:19,(anonymous_2)
FN:27,(anonymous_3)
FNF:4
FNH:2
FNDA:1,(anonymous_0)
FNDA:1,(anonymous_1)
FNDA:0,(anonymous_2)
FNDA:0,(anonymous_3)
DA:5,1
DA:6,1
DA:12,1
DA:20,0
DA:28,0
LF:5
LH:3
BRF:0
BRH:0
end_of_record
TN:
SF:src/menus/menus.ts
FN:20,(anonymous_0)
FN:30,(anonymous_1)
FN:64,(anonymous_2)
FN:72,(anonymous_3)
FN:80,(anonymous_4)
FN:87,(anonymous_5)
FN:90,(anonymous_6)
FN:99,(anonymous_7)
FN:106,(anonymous_8)
FN:112,(anonymous_9)
FN:125,(anonymous_10)
FN:133,(anonymous_11)
FN:143,(anonymous_12)
FN:146,(anonymous_13)
FN:162,(anonymous_14)
FN:164,(anonymous_15)
FNF:16
FNH:15
FNDA:2,(anonymous_0)
FNDA:6,(anonymous_1)
FNDA:3,(anonymous_2)
FNDA:0,(anonymous_3)
FNDA:4,(anonymous_4)
FNDA:2,(anonymous_5)
FNDA:5,(anonymous_6)
FNDA:10,(anonymous_7)
FNDA:2,(anonymous_8)
FNDA:5,(anonymous_9)
FNDA:5,(anonymous_10)
FNDA:1,(anonymous_11)
FNDA:1,(anonymous_12)
FNDA:3,(anonymous_13)
FNDA:2,(anonymous_14)
FNDA:6,(anonymous_15)
DA:10,1
DA:12,2
DA:13,2
DA:20,2
DA:21,2
DA:22,2
DA:23,2
DA:24,2
DA:25,2
DA:26,2
DA:27,2
DA:29,2
DA:30,2
DA:31,6
DA:32,6
DA:33,4
DA:36,6
DA:37,6
DA:38,6
DA:39,6
DA:40,6
DA:41,6
DA:42,6
DA:44,2
DA:45,2
DA:50,0
DA:51,0
DA:53,0
DA:54,0
DA:65,3
DA:73,0
DA:81,4
DA:88,2
DA:90,2
DA:91,5
DA:100,10
DA:107,2
DA:108,2
DA:109,2
DA:110,2
DA:112,2
DA:113,5
DA:114,5
DA:115,5
DA:116,5
DA:126,5
DA:134,1
DA:135,1
DA:136,1
DA:144,1
DA:145,1
DA:146,1
DA:147,3
DA:148,1
DA:150,3
DA:153,1
DA:154,1
DA:155,1
DA:163,2
DA:164,2
DA:165,6
DA:166,4
DA:170,2
LF:63
LH:58
BRDA:31,0,0,6
BRDA:31,0,1,0
BRDA:32,1,0,4
BRDA:32,1,1,2
BRDA:44,2,0,0
BRDA:44,2,1,2
BRDA:45,3,0,0
BRDA:45,3,1,2
BRDA:50,4,0,0
BRDA:50,4,1,0
BRDA:51,5,0,0
BRDA:51,5,1,0
BRDA:53,6,0,0
BRDA:53,6,1,0
BRDA:53,7,0,0
BRDA:53,7,1,0
BRDA:147,8,0,1
BRDA:147,8,1,2
BRDA:165,9,0,4
BRDA:165,9,1,2
BRF:20
BRH:9
end_of_record
TN:
SF:src/menus/printMenu.ts
FN:7,(anonymous_0)
FN:14,(anonymous_1)
FN:17,(anonymous_2)
FN:24,(anonymous_3)
FN:26,(anonymous_4)
FN:28,(anonymous_5)
FN:30,(anonymous_6)
FN:38,(anonymous_7)
FN:46,(anonymous_8)
FNF:9
FNH:6
FNDA:1,(anonymous_0)
FNDA:1,(anonymous_1)
FNDA:3,(anonymous_2)
FNDA:1,(anonymous_3)
FNDA:0,(anonymous_4)
FNDA:1,(anonymous_5)
FNDA:1,(anonymous_6)
FNDA:0,(anonymous_7)
FNDA:0,(anonymous_8)
DA:6,1
DA:7,1
DA:8,1
DA:15,1
DA:16,1
DA:17,1
DA:18,3
DA:19,3
DA:20,3
DA:21,3
DA:23,1
DA:24,1
DA:25,1
DA:26,1
DA:27,1
DA:28,1
DA:29,1
DA:30,1
DA:31,1
DA:39,0
DA:47,0
LF:21
LH:19
BRDA:18,0,0,1
BRDA:18,0,1,2
BRDA:19,1,0,0
BRDA:19,1,1,3
BRDA:20,2,0,1
BRDA:20,2,1,2
BRDA:21,3,0,1
BRDA:21,3,1,2
BRF:8
BRH:7
end_of_record
TN:
SF:src/platos/platos.ts
FN:23,(anonymous_0)
FN:29,(anonymous_1)
FN:52,(anonymous_2)
FN:60,(anonymous_3)
FN:68,(anonymous_4)
FN:77,(anonymous_5)
FN:89,(anonymous_6)
FN:92,(anonymous_7)
FN:110,(anonymous_8)
FN:117,(anonymous_9)
FN:123,(anonymous_10)
FN:135,(anonymous_11)
FN:142,(anonymous_12)
FN:144,(anonymous_13)
FN:158,(anonymous_14)
FN:165,(anonymous_15)
FN:168,(anonymous_16)
FN:177,(anonymous_17)
FN:185,(anonymous_18)
FNF:19
FNH:19
FNDA:7,(anonymous_0)
FNDA:25,(anonymous_1)
FNDA:12,(anonymous_2)
FNDA:2,(anonymous_3)
FNDA:4,(anonymous_4)
FNDA:1,(anonymous_5)
FNDA:1,(anonymous_6)
FNDA:5,(anonymous_7)
FNDA:54,(anonymous_8)
FNDA:2,(anonymous_9)
FNDA:9,(anonymous_10)
FNDA:14,(anonymous_11)
FNDA:2,(anonymous_12)
FNDA:9,(anonymous_13)
FNDA:15,(anonymous_14)
FNDA:2,(anonymous_15)
FNDA:9,(anonymous_16)
FNDA:52,(anonymous_17)
FNDA:1,(anonymous_18)
DA:10,1
DA:12,7
DA:13,7
DA:14,7
DA:23,7
DA:24,7
DA:25,7
DA:26,7
DA:28,7
DA:29,7
DA:30,25
DA:31,25
DA:32,25
DA:33,25
DA:35,25
DA:36,25
DA:37,25
DA:38,25
DA:39,25
DA:41,25
DA:44,7
DA:45,7
DA:53,12
DA:61,2
DA:69,4
DA:78,1
DA:80,1
DA:81,1
DA:82,1
DA:90,1
DA:91,1
DA:92,1
DA:93,5
DA:94,1
DA:96,5
DA:99,1
DA:101,1
DA:102,1
DA:103,1
DA:111,54
DA:118,2
DA:119,2
DA:120,2
DA:121,2
DA:123,2
DA:124,9
DA:125,9
DA:126,9
DA:127,9
DA:136,14
DA:143,2
DA:144,2
DA:145,9
DA:146,9
DA:147,9
DA:148,9
DA:149,9
DA:151,2
DA:152,2
DA:159,15
DA:166,2
DA:168,2
DA:169,9
DA:178,52
DA:186,1
LF:65
LH:65
BRDA:35,0,0,4
BRDA:35,0,1,21
BRDA:36,1,0,15
BRDA:36,1,1,10
BRDA:37,2,0,3
BRDA:37,2,1,22
BRDA:38,3,0,3
BRDA:38,3,1,22
BRDA:39,4,0,0
BRDA:39,4,1,25
BRDA:93,5,0,1
BRDA:93,5,1,4
BRDA:145,6,0,4
BRDA:145,6,1,5
BRDA:146,7,0,1
BRDA:146,7,1,8
BRDA:147,8,0,1
BRDA:147,8,1,8
BRDA:148,9,0,3
BRDA:148,9,1,6
BRDA:149,10,0,0
BRDA:149,10,1,9
BRF:22
BRH:20
end_of_record
TN:
SF:src/platos/printPlato.ts
FN:6,(anonymous_0)
FN:13,(anonymous_1)
FN:16,(anonymous_2)
FN:26,(anonymous_3)
FN:34,(anonymous_4)
FNF:5
FNH:3
FNDA:1,(anonymous_0)
FNDA:1,(anonymous_1)
FNDA:5,(anonymous_2)
FNDA:0,(anonymous_3)
FNDA:0,(anonymous_4)
DA:5,1
DA:6,1
DA:7,1
DA:15,1
DA:16,1
DA:17,5
DA:19,1
DA:27,0
DA:35,0
LF:9
LH:7
BRF:0
BRH:0
end_of_record
